[0.678s] colcon DEBUG Command line arguments: ['/usr/bin/colcon', 'build', '--packages-select', 'robot_arm_description', '--cmake-args', '-DCMAKE_BUILD_TYPE=Release']
[0.678s] colcon DEBUG Parsed command line arguments: Namespace(log_base=None, log_level=None, verb_name='build', build_base='build', install_base='install', merge_install=False, symlink_install=False, test_result_base=None, continue_on_error=False, executor='parallel', parallel_workers=12, event_handlers=None, ignore_user_meta=False, metas=['./colcon.meta'], base_paths=['.'], packages_ignore=None, packages_ignore_regex=None, paths=None, packages_up_to=None, packages_up_to_regex=None, packages_above=None, packages_above_and_dependencies=None, packages_above_depth=None, packages_select_by_dep=None, packages_skip_by_dep=None, packages_skip_up_to=None, packages_select_build_failed=False, packages_skip_build_finished=False, packages_select_test_failures=False, packages_skip_test_passed=False, packages_select=['robot_arm_description'], packages_skip=None, packages_select_regex=None, packages_skip_regex=None, packages_start=None, packages_end=None, allow_overriding=[], cmake_args=['-DCMAKE_BUILD_TYPE=Release'], cmake_target=None, cmake_target_skip_unavailable=False, cmake_clean_cache=False, cmake_clean_first=False, cmake_force_configure=False, ament_cmake_args=None, catkin_cmake_args=None, catkin_skip_building_tests=False, verb_parser=<colcon_defaults.argument_parser.defaults.DefaultArgumentsDecorator object at 0x7459a4e22000>, verb_extension=<colcon_core.verb.build.BuildVerb object at 0x7459a4f9bd40>, main=<bound method BuildVerb.main of <colcon_core.verb.build.BuildVerb object at 0x7459a4f9bd40>>)
[0.918s] colcon.colcon_core.package_discovery Level 1 discover_packages(colcon_meta) check parameters
[0.919s] colcon.colcon_core.package_discovery Level 1 discover_packages(recursive) check parameters
[0.919s] colcon.colcon_core.package_discovery Level 1 discover_packages(ignore) check parameters
[0.919s] colcon.colcon_core.package_discovery Level 1 discover_packages(path) check parameters
[0.919s] colcon.colcon_core.package_discovery Level 1 discover_packages(colcon_meta) discover
[0.919s] colcon.colcon_core.package_discovery Level 1 discover_packages(recursive) discover
[0.920s] colcon.colcon_core.package_discovery INFO Crawling recursively for packages in '/home/nour/ros2-mujoco-robotics-project/ms2/ros2_ws'
[0.920s] colcon.colcon_core.package_identification Level 1 _identify(.) by extensions ['ignore', 'ignore_ament_install']
[0.921s] colcon.colcon_core.package_identification Level 1 _identify(.) by extension 'ignore'
[0.921s] colcon.colcon_core.package_identification Level 1 _identify(.) by extension 'ignore_ament_install'
[0.922s] colcon.colcon_core.package_identification Level 1 _identify(.) by extensions ['colcon_pkg']
[0.922s] colcon.colcon_core.package_identification Level 1 _identify(.) by extension 'colcon_pkg'
[0.922s] colcon.colcon_core.package_identification Level 1 _identify(.) by extensions ['colcon_meta']
[0.923s] colcon.colcon_core.package_identification Level 1 _identify(.) by extension 'colcon_meta'
[0.923s] colcon.colcon_core.package_identification Level 1 _identify(.) by extensions ['ros']
[0.923s] colcon.colcon_core.package_identification Level 1 _identify(.) by extension 'ros'
[1.082s] colcon.colcon_core.package_identification Level 1 _identify(.) by extensions ['cmake', 'python']
[1.082s] colcon.colcon_core.package_identification Level 1 _identify(.) by extension 'cmake'
[1.082s] colcon.colcon_core.package_identification Level 1 _identify(.) by extension 'python'
[1.082s] colcon.colcon_core.package_identification Level 1 _identify(.) by extensions ['python_setup_py']
[1.083s] colcon.colcon_core.package_identification Level 1 _identify(.) by extension 'python_setup_py'
[1.083s] colcon.colcon_core.package_identification Level 1 _identify(build) by extensions ['ignore', 'ignore_ament_install']
[1.084s] colcon.colcon_core.package_identification Level 1 _identify(build) by extension 'ignore'
[1.084s] colcon.colcon_core.package_identification Level 1 _identify(build) ignored
[1.085s] colcon.colcon_core.package_identification Level 1 _identify(install) by extensions ['ignore', 'ignore_ament_install']
[1.086s] colcon.colcon_core.package_identification Level 1 _identify(install) by extension 'ignore'
[1.086s] colcon.colcon_core.package_identification Level 1 _identify(install) ignored
[1.087s] colcon.colcon_core.package_identification Level 1 _identify(log) by extensions ['ignore', 'ignore_ament_install']
[1.087s] colcon.colcon_core.package_identification Level 1 _identify(log) by extension 'ignore'
[1.087s] colcon.colcon_core.package_identification Level 1 _identify(log) ignored
[1.088s] colcon.colcon_core.package_identification Level 1 _identify(src) by extensions ['ignore', 'ignore_ament_install']
[1.088s] colcon.colcon_core.package_identification Level 1 _identify(src) by extension 'ignore'
[1.089s] colcon.colcon_core.package_identification Level 1 _identify(src) by extension 'ignore_ament_install'
[1.089s] colcon.colcon_core.package_identification Level 1 _identify(src) by extensions ['colcon_pkg']
[1.089s] colcon.colcon_core.package_identification Level 1 _identify(src) by extension 'colcon_pkg'
[1.089s] colcon.colcon_core.package_identification Level 1 _identify(src) by extensions ['colcon_meta']
[1.090s] colcon.colcon_core.package_identification Level 1 _identify(src) by extension 'colcon_meta'
[1.090s] colcon.colcon_core.package_identification Level 1 _identify(src) by extensions ['ros']
[1.090s] colcon.colcon_core.package_identification Level 1 _identify(src) by extension 'ros'
[1.091s] colcon.colcon_core.package_identification Level 1 _identify(src) by extensions ['cmake', 'python']
[1.091s] colcon.colcon_core.package_identification Level 1 _identify(src) by extension 'cmake'
[1.091s] colcon.colcon_core.package_identification Level 1 _identify(src) by extension 'python'
[1.091s] colcon.colcon_core.package_identification Level 1 _identify(src) by extensions ['python_setup_py']
[1.092s] colcon.colcon_core.package_identification Level 1 _identify(src) by extension 'python_setup_py'
[1.092s] colcon.colcon_core.package_identification Level 1 _identify(src/robot_arm_description) by extensions ['ignore', 'ignore_ament_install']
[1.093s] colcon.colcon_core.package_identification Level 1 _identify(src/robot_arm_description) by extension 'ignore'
[1.093s] colcon.colcon_core.package_identification Level 1 _identify(src/robot_arm_description) by extension 'ignore_ament_install'
[1.094s] colcon.colcon_core.package_identification Level 1 _identify(src/robot_arm_description) by extensions ['colcon_pkg']
[1.094s] colcon.colcon_core.package_identification Level 1 _identify(src/robot_arm_description) by extension 'colcon_pkg'
[1.094s] colcon.colcon_core.package_identification Level 1 _identify(src/robot_arm_description) by extensions ['colcon_meta']
[1.094s] colcon.colcon_core.package_identification Level 1 _identify(src/robot_arm_description) by extension 'colcon_meta'
[1.095s] colcon.colcon_core.package_identification Level 1 _identify(src/robot_arm_description) by extensions ['ros']
[1.095s] colcon.colcon_core.package_identification Level 1 _identify(src/robot_arm_description) by extension 'ros'
[1.108s] colcon.colcon_core.package_identification DEBUG Package 'src/robot_arm_description' with type 'ros.ament_cmake' and name 'robot_arm_description'
[1.109s] colcon.colcon_core.package_discovery Level 1 discover_packages(recursive) using defaults
[1.109s] colcon.colcon_core.package_discovery Level 1 discover_packages(ignore) discover
[1.109s] colcon.colcon_core.package_discovery Level 1 discover_packages(ignore) using defaults
[1.110s] colcon.colcon_core.package_discovery Level 1 discover_packages(path) discover
[1.110s] colcon.colcon_core.package_discovery Level 1 discover_packages(path) using defaults
[1.202s] colcon.colcon_core.package_discovery Level 1 discover_packages(prefix_path) check parameters
[1.203s] colcon.colcon_core.package_discovery Level 1 discover_packages(prefix_path) discover
[1.214s] colcon.colcon_installed_package_information.package_discovery DEBUG Found 1 installed packages in /home/nour/ros2-mujoco-robotics-project/ms2/ros2_ws/install
[1.223s] colcon.colcon_installed_package_information.package_discovery DEBUG Found 288 installed packages in /opt/ros/jazzy
[1.228s] colcon.colcon_core.package_discovery Level 1 discover_packages(prefix_path) using defaults
[1.553s] colcon.colcon_core.verb Level 5 set package 'robot_arm_description' build argument 'cmake_args' from command line to '['-DCMAKE_BUILD_TYPE=Release']'
[1.553s] colcon.colcon_core.verb Level 5 set package 'robot_arm_description' build argument 'cmake_target' from command line to 'None'
[1.554s] colcon.colcon_core.verb Level 5 set package 'robot_arm_description' build argument 'cmake_target_skip_unavailable' from command line to 'False'
[1.554s] colcon.colcon_core.verb Level 5 set package 'robot_arm_description' build argument 'cmake_clean_cache' from command line to 'False'
[1.554s] colcon.colcon_core.verb Level 5 set package 'robot_arm_description' build argument 'cmake_clean_first' from command line to 'False'
[1.554s] colcon.colcon_core.verb Level 5 set package 'robot_arm_description' build argument 'cmake_force_configure' from command line to 'False'
[1.555s] colcon.colcon_core.verb Level 5 set package 'robot_arm_description' build argument 'ament_cmake_args' from command line to 'None'
[1.555s] colcon.colcon_core.verb Level 5 set package 'robot_arm_description' build argument 'catkin_cmake_args' from command line to 'None'
[1.555s] colcon.colcon_core.verb Level 5 set package 'robot_arm_description' build argument 'catkin_skip_building_tests' from command line to 'False'
[1.555s] colcon.colcon_core.verb DEBUG Building package 'robot_arm_description' with the following arguments: {'ament_cmake_args': None, 'build_base': '/home/nour/ros2-mujoco-robotics-project/ms2/ros2_ws/build/robot_arm_description', 'catkin_cmake_args': None, 'catkin_skip_building_tests': False, 'cmake_args': ['-DCMAKE_BUILD_TYPE=Release'], 'cmake_clean_cache': False, 'cmake_clean_first': False, 'cmake_force_configure': False, 'cmake_target': None, 'cmake_target_skip_unavailable': False, 'install_base': '/home/nour/ros2-mujoco-robotics-project/ms2/ros2_ws/install/robot_arm_description', 'merge_install': False, 'path': '/home/nour/ros2-mujoco-robotics-project/ms2/ros2_ws/src/robot_arm_description', 'symlink_install': False, 'test_result_base': None}
[1.556s] colcon.colcon_core.executor INFO Executing jobs using 'parallel' executor
[1.560s] colcon.colcon_parallel_executor.executor.parallel DEBUG run_until_complete
[1.561s] colcon.colcon_ros.task.ament_cmake.build INFO Building ROS package in '/home/nour/ros2-mujoco-robotics-project/ms2/ros2_ws/src/robot_arm_description' with build type 'ament_cmake'
[1.561s] colcon.colcon_cmake.task.cmake.build INFO Building CMake package in '/home/nour/ros2-mujoco-robotics-project/ms2/ros2_ws/src/robot_arm_description'
[1.571s] colcon.colcon_core.plugin_system INFO Skipping extension 'colcon_core.shell.bat': Not used on non-Windows systems
[1.572s] colcon.colcon_core.shell INFO Skip shell extension 'powershell' for command environment: Not usable outside of PowerShell
[1.572s] colcon.colcon_core.shell DEBUG Skip shell extension 'dsv' for command environment
[1.628s] colcon.colcon_core.event_handler.log_command DEBUG Invoking command in '/home/nour/ros2-mujoco-robotics-project/ms2/ros2_ws/build/robot_arm_description': CMAKE_PREFIX_PATH=${CMAKE_PREFIX_PATH}:/opt/ros/jazzy CONDA_PROMPT_MODIFIER=(base) /usr/bin/cmake --build /home/nour/ros2-mujoco-robotics-project/ms2/ros2_ws/build/robot_arm_description -- -j12 -l12
[1.861s] colcon.colcon_core.event_handler.log_command DEBUG Invoked command in '/home/nour/ros2-mujoco-robotics-project/ms2/ros2_ws/build/robot_arm_description' returned '0': CMAKE_PREFIX_PATH=${CMAKE_PREFIX_PATH}:/opt/ros/jazzy CONDA_PROMPT_MODIFIER=(base) /usr/bin/cmake --build /home/nour/ros2-mujoco-robotics-project/ms2/ros2_ws/build/robot_arm_description -- -j12 -l12
[1.928s] colcon.colcon_core.event_handler.log_command DEBUG Invoking command in '/home/nour/ros2-mujoco-robotics-project/ms2/ros2_ws/build/robot_arm_description': CMAKE_PREFIX_PATH=${CMAKE_PREFIX_PATH}:/opt/ros/jazzy CONDA_PROMPT_MODIFIER=(base) /usr/bin/cmake --install /home/nour/ros2-mujoco-robotics-project/ms2/ros2_ws/build/robot_arm_description
[1.987s] colcon.colcon_core.environment Level 1 create_environment_scripts_only(robot_arm_description)
[2.030s] colcon.colcon_core.event_handler.log_command DEBUG Invoked command in '/home/nour/ros2-mujoco-robotics-project/ms2/ros2_ws/build/robot_arm_description' returned '0': CMAKE_PREFIX_PATH=${CMAKE_PREFIX_PATH}:/opt/ros/jazzy CONDA_PROMPT_MODIFIER=(base) /usr/bin/cmake --install /home/nour/ros2-mujoco-robotics-project/ms2/ros2_ws/build/robot_arm_description
[2.034s] colcon.colcon_core.environment Level 1 checking '/home/nour/ros2-mujoco-robotics-project/ms2/ros2_ws/install/robot_arm_description' for CMake module files
[2.039s] colcon.colcon_core.environment Level 1 checking '/home/nour/ros2-mujoco-robotics-project/ms2/ros2_ws/install/robot_arm_description' for CMake config files
[2.040s] colcon.colcon_core.shell Level 1 create_environment_hook('robot_arm_description', 'cmake_prefix_path')
[2.041s] colcon.colcon_core.shell INFO Creating environment hook '/home/nour/ros2-mujoco-robotics-project/ms2/ros2_ws/install/robot_arm_description/share/robot_arm_description/hook/cmake_prefix_path.ps1'
[2.044s] colcon.colcon_core.shell INFO Creating environment descriptor '/home/nour/ros2-mujoco-robotics-project/ms2/ros2_ws/install/robot_arm_description/share/robot_arm_description/hook/cmake_prefix_path.dsv'
[2.046s] colcon.colcon_core.shell INFO Creating environment hook '/home/nour/ros2-mujoco-robotics-project/ms2/ros2_ws/install/robot_arm_description/share/robot_arm_description/hook/cmake_prefix_path.sh'
[2.052s] colcon.colcon_core.environment Level 1 checking '/home/nour/ros2-mujoco-robotics-project/ms2/ros2_ws/install/robot_arm_description/bin'
[2.052s] colcon.colcon_core.environment Level 1 checking '/home/nour/ros2-mujoco-robotics-project/ms2/ros2_ws/install/robot_arm_description/lib/pkgconfig/robot_arm_description.pc'
[2.054s] colcon.colcon_core.environment Level 1 checking '/home/nour/ros2-mujoco-robotics-project/ms2/ros2_ws/install/robot_arm_description/lib/python3.12/site-packages'
[2.057s] colcon.colcon_core.environment Level 1 checking '/home/nour/ros2-mujoco-robotics-project/ms2/ros2_ws/install/robot_arm_description/bin'
[2.059s] colcon.colcon_core.shell INFO Creating package script '/home/nour/ros2-mujoco-robotics-project/ms2/ros2_ws/install/robot_arm_description/share/robot_arm_description/package.ps1'
[2.068s] colcon.colcon_core.shell INFO Creating package descriptor '/home/nour/ros2-mujoco-robotics-project/ms2/ros2_ws/install/robot_arm_description/share/robot_arm_description/package.dsv'
[2.075s] colcon.colcon_core.shell INFO Creating package script '/home/nour/ros2-mujoco-robotics-project/ms2/ros2_ws/install/robot_arm_description/share/robot_arm_description/package.sh'
[2.084s] colcon.colcon_core.shell INFO Creating package script '/home/nour/ros2-mujoco-robotics-project/ms2/ros2_ws/install/robot_arm_description/share/robot_arm_description/package.bash'
[2.089s] colcon.colcon_core.shell INFO Creating package script '/home/nour/ros2-mujoco-robotics-project/ms2/ros2_ws/install/robot_arm_description/share/robot_arm_description/package.zsh'
[2.092s] colcon.colcon_core.environment Level 1 create_file_with_runtime_dependencies(/home/nour/ros2-mujoco-robotics-project/ms2/ros2_ws/install/robot_arm_description/share/colcon-core/packages/robot_arm_description)
[2.099s] colcon.colcon_core.environment Level 1 create_environment_scripts_only(robot_arm_description)
[2.100s] colcon.colcon_core.environment Level 1 checking '/home/nour/ros2-mujoco-robotics-project/ms2/ros2_ws/install/robot_arm_description' for CMake module files
[2.104s] colcon.colcon_core.environment Level 1 checking '/home/nour/ros2-mujoco-robotics-project/ms2/ros2_ws/install/robot_arm_description' for CMake config files
[2.105s] colcon.colcon_core.shell Level 1 create_environment_hook('robot_arm_description', 'cmake_prefix_path')
[2.106s] colcon.colcon_core.shell INFO Creating environment hook '/home/nour/ros2-mujoco-robotics-project/ms2/ros2_ws/install/robot_arm_description/share/robot_arm_description/hook/cmake_prefix_path.ps1'
[2.109s] colcon.colcon_core.shell INFO Creating environment descriptor '/home/nour/ros2-mujoco-robotics-project/ms2/ros2_ws/install/robot_arm_description/share/robot_arm_description/hook/cmake_prefix_path.dsv'
[2.111s] colcon.colcon_core.shell INFO Creating environment hook '/home/nour/ros2-mujoco-robotics-project/ms2/ros2_ws/install/robot_arm_description/share/robot_arm_description/hook/cmake_prefix_path.sh'
[2.114s] colcon.colcon_core.environment Level 1 checking '/home/nour/ros2-mujoco-robotics-project/ms2/ros2_ws/install/robot_arm_description/bin'
[2.114s] colcon.colcon_core.environment Level 1 checking '/home/nour/ros2-mujoco-robotics-project/ms2/ros2_ws/install/robot_arm_description/lib/pkgconfig/robot_arm_description.pc'
[2.116s] colcon.colcon_core.environment Level 1 checking '/home/nour/ros2-mujoco-robotics-project/ms2/ros2_ws/install/robot_arm_description/lib/python3.12/site-packages'
[2.120s] colcon.colcon_core.environment Level 1 checking '/home/nour/ros2-mujoco-robotics-project/ms2/ros2_ws/install/robot_arm_description/bin'
[2.123s] colcon.colcon_core.shell INFO Creating package script '/home/nour/ros2-mujoco-robotics-project/ms2/ros2_ws/install/robot_arm_description/share/robot_arm_description/package.ps1'
[2.126s] colcon.colcon_core.shell INFO Creating package descriptor '/home/nour/ros2-mujoco-robotics-project/ms2/ros2_ws/install/robot_arm_description/share/robot_arm_description/package.dsv'
[2.128s] colcon.colcon_core.shell INFO Creating package script '/home/nour/ros2-mujoco-robotics-project/ms2/ros2_ws/install/robot_arm_description/share/robot_arm_description/package.sh'
[2.131s] colcon.colcon_core.shell INFO Creating package script '/home/nour/ros2-mujoco-robotics-project/ms2/ros2_ws/install/robot_arm_description/share/robot_arm_description/package.bash'
[2.133s] colcon.colcon_core.shell INFO Creating package script '/home/nour/ros2-mujoco-robotics-project/ms2/ros2_ws/install/robot_arm_description/share/robot_arm_description/package.zsh'
[2.138s] colcon.colcon_core.environment Level 1 create_file_with_runtime_dependencies(/home/nour/ros2-mujoco-robotics-project/ms2/ros2_ws/install/robot_arm_description/share/colcon-core/packages/robot_arm_description)
[2.140s] colcon.colcon_parallel_executor.executor.parallel DEBUG closing loop
[2.147s] colcon.colcon_parallel_executor.executor.parallel DEBUG loop closed
[2.147s] colcon.colcon_parallel_executor.executor.parallel DEBUG run_until_complete finished with '0'
[2.147s] colcon.colcon_core.event_reactor DEBUG joining thread
[2.199s] colcon.colcon_core.plugin_system INFO Skipping extension 'colcon_notification.desktop_notification.terminal_notifier': Not used on non-Darwin systems
[2.200s] colcon.colcon_core.plugin_system INFO Skipping extension 'colcon_notification.desktop_notification.win32': Not used on non-Windows systems
[2.200s] colcon.colcon_notification.desktop_notification INFO Sending desktop notification using 'notify2'
[2.218s] colcon.colcon_core.event_reactor DEBUG joined thread
[2.219s] colcon.colcon_core.shell INFO Creating prefix script '/home/nour/ros2-mujoco-robotics-project/ms2/ros2_ws/install/local_setup.ps1'
[2.224s] colcon.colcon_core.shell INFO Creating prefix util module '/home/nour/ros2-mujoco-robotics-project/ms2/ros2_ws/install/_local_setup_util_ps1.py'
[2.233s] colcon.colcon_core.shell INFO Creating prefix chain script '/home/nour/ros2-mujoco-robotics-project/ms2/ros2_ws/install/setup.ps1'
[2.243s] colcon.colcon_core.shell INFO Creating prefix script '/home/nour/ros2-mujoco-robotics-project/ms2/ros2_ws/install/local_setup.sh'
[2.252s] colcon.colcon_core.shell INFO Creating prefix util module '/home/nour/ros2-mujoco-robotics-project/ms2/ros2_ws/install/_local_setup_util_sh.py'
[2.258s] colcon.colcon_core.shell INFO Creating prefix chain script '/home/nour/ros2-mujoco-robotics-project/ms2/ros2_ws/install/setup.sh'
[2.266s] colcon.colcon_core.shell INFO Creating prefix script '/home/nour/ros2-mujoco-robotics-project/ms2/ros2_ws/install/local_setup.bash'
[2.270s] colcon.colcon_core.shell INFO Creating prefix chain script '/home/nour/ros2-mujoco-robotics-project/ms2/ros2_ws/install/setup.bash'
[2.277s] colcon.colcon_core.shell INFO Creating prefix script '/home/nour/ros2-mujoco-robotics-project/ms2/ros2_ws/install/local_setup.zsh'
[2.280s] colcon.colcon_core.shell INFO Creating prefix chain script '/home/nour/ros2-mujoco-robotics-project/ms2/ros2_ws/install/setup.zsh'
