[2.694s] Invoking command in '/home/nour/ros2-mujoco-robotics-project/ms3/ros2_ws/src/robot_arm_kinematics': CONDA_PROMPT_MODIFIER=(base) PYTHONPATH=/home/nour/ros2-mujoco-robotics-project/ms3/ros2_ws/build/robot_arm_kinematics/prefix_override:/usr/lib/python3/dist-packages/colcon_core/task/python/colcon_distutils_commands:/home/nour/ros2-mujoco-robotics-project/ms3/ros2_ws/install/robot_arm_kinematics/lib/python3.12/site-packages:${PYTHONPATH} /usr/bin/python3 -W ignore:setup.py install is deprecated -W ignore:easy_install command is deprecated setup.py egg_info --egg-base ../../build/robot_arm_kinematics build --build-base /home/nour/ros2-mujoco-robotics-project/ms3/ros2_ws/build/robot_arm_kinematics/build install --record /home/nour/ros2-mujoco-robotics-project/ms3/ros2_ws/build/robot_arm_kinematics/install.log --single-version-externally-managed install_data
[3.644s] running egg_info
[3.721s] writing ../../build/robot_arm_kinematics/robot_arm_kinematics.egg-info/PKG-INFO
[3.722s] writing dependency_links to ../../build/robot_arm_kinematics/robot_arm_kinematics.egg-info/dependency_links.txt
[3.723s] writing entry points to ../../build/robot_arm_kinematics/robot_arm_kinematics.egg-info/entry_points.txt
[3.723s] writing requirements to ../../build/robot_arm_kinematics/robot_arm_kinematics.egg-info/requires.txt
[3.723s] writing top-level names to ../../build/robot_arm_kinematics/robot_arm_kinematics.egg-info/top_level.txt
[3.875s] reading manifest file '../../build/robot_arm_kinematics/robot_arm_kinematics.egg-info/SOURCES.txt'
[3.877s] writing manifest file '../../build/robot_arm_kinematics/robot_arm_kinematics.egg-info/SOURCES.txt'
[3.878s] running build
[3.878s] running build_py
[3.880s] running install
[3.900s] running install_lib
[3.976s] running install_data
[3.977s] running install_egg_info
[4.054s] removing '/home/nour/ros2-mujoco-robotics-project/ms3/ros2_ws/install/robot_arm_kinematics/lib/python3.12/site-packages/robot_arm_kinematics-0.0.1-py3.12.egg-info' (and everything under it)
[4.054s] Copying ../../build/robot_arm_kinematics/robot_arm_kinematics.egg-info to /home/nour/ros2-mujoco-robotics-project/ms3/ros2_ws/install/robot_arm_kinematics/lib/python3.12/site-packages/robot_arm_kinematics-0.0.1-py3.12.egg-info
[4.057s] running install_scripts
[4.550s] Installing forward_kinematics_node script to /home/nour/ros2-mujoco-robotics-project/ms3/ros2_ws/install/robot_arm_kinematics/lib/robot_arm_kinematics
[4.551s] Installing inverse_kinematics_node script to /home/nour/ros2-mujoco-robotics-project/ms3/ros2_ws/install/robot_arm_kinematics/lib/robot_arm_kinematics
[4.551s] Installing trajectory_planner_node script to /home/nour/ros2-mujoco-robotics-project/ms3/ros2_ws/install/robot_arm_kinematics/lib/robot_arm_kinematics
[4.553s] writing list of installed files to '/home/nour/ros2-mujoco-robotics-project/ms3/ros2_ws/build/robot_arm_kinematics/install.log'
[4.631s] Invoked command in '/home/nour/ros2-mujoco-robotics-project/ms3/ros2_ws/src/robot_arm_kinematics' returned '0': CONDA_PROMPT_MODIFIER=(base) PYTHONPATH=/home/nour/ros2-mujoco-robotics-project/ms3/ros2_ws/build/robot_arm_kinematics/prefix_override:/usr/lib/python3/dist-packages/colcon_core/task/python/colcon_distutils_commands:/home/nour/ros2-mujoco-robotics-project/ms3/ros2_ws/install/robot_arm_kinematics/lib/python3.12/site-packages:${PYTHONPATH} /usr/bin/python3 -W ignore:setup.py install is deprecated -W ignore:easy_install command is deprecated setup.py egg_info --egg-base ../../build/robot_arm_kinematics build --build-base /home/nour/ros2-mujoco-robotics-project/ms3/ros2_ws/build/robot_arm_kinematics/build install --record /home/nour/ros2-mujoco-robotics-project/ms3/ros2_ws/build/robot_arm_kinematics/install.log --single-version-externally-managed install_data
