[0.038s] Invoking command in '/home/nour/ros2-mujoco-robotics-project/ms2/ros2_ws/build/robot_arm_description': CMAKE_PREFIX_PATH=${CMAKE_PREFIX_PATH}:/opt/ros/jazzy CONDA_PROMPT_MODIFIER=(base) PS1=(ultra) \[\e]0;\u@\h: \w\a\]${debian_chroot:+($debian_chroot)}\[\033[01;32m\]\u@\h\[\033[00m\]:\[\033[01;34m\]\w\[\033[00m\]\$ VIRTUAL_ENV_PROMPT=(ultra) /usr/bin/cmake /home/nour/ros2-mujoco-robotics-project/ms2/ros2_ws/src/robot_arm_description -DCMAKE_INSTALL_PREFIX=/home/nour/ros2-mujoco-robotics-project/ms2/ros2_ws/install/robot_arm_description
[2.943s] -- The C compiler identification is GNU 13.3.0
[4.141s] -- The CXX compiler identification is GNU 13.3.0
[4.332s] -- Detecting C compiler ABI info
[5.663s] -- Detecting C compiler ABI info - done
[5.695s] -- Check for working C compiler: /usr/local/bin/ccache - skipped
[5.696s] -- Detecting C compile features
[5.698s] -- Detecting C compile features - done
[5.715s] -- Detecting CXX compiler ABI info
[6.328s] -- Detecting CXX compiler ABI info - done
[6.364s] -- Check for working CXX compiler: /usr/local/bin/ccache - skipped
[6.365s] -- Detecting CXX compile features
[6.367s] -- Detecting CXX compile features - done
[6.628s] -- Found ament_cmake: 2.5.4 (/opt/ros/jazzy/share/ament_cmake/cmake)
[6.966s] -- Found Python3: /home/nour/projects/envs/ultra/bin/python3 (found version "3.12.3") found components: Interpreter 
[7.337s] Traceback (most recent call last):
[7.337s]   File "/opt/ros/jazzy/share/ament_cmake_core/cmake/core/package_xml_2_cmake.py", line 22, in <module>
[7.337s]     from catkin_pkg.package import parse_package_string
[7.337s] ModuleNotFoundError: No module named 'catkin_pkg'
[7.345s] [31mCMake Error at /opt/ros/jazzy/share/ament_cmake_core/cmake/core/ament_package_xml.cmake:95 (message):
[7.346s]   execute_process(/home/nour/projects/envs/ultra/bin/python3
[7.346s]   /opt/ros/jazzy/share/ament_cmake_core/cmake/core/package_xml_2_cmake.py
[7.347s]   /home/nour/ros2-mujoco-robotics-project/ms2/ros2_ws/src/robot_arm_description/package.xml
[7.347s]   /home/nour/ros2-mujoco-robotics-project/ms2/ros2_ws/build/robot_arm_description/ament_cmake_core/package.cmake)
[7.348s]   returned error code 1
[7.348s] Call Stack (most recent call first):
[7.348s]   /opt/ros/jazzy/share/ament_cmake_core/cmake/core/ament_package_xml.cmake:49 (_ament_package_xml)
[7.349s]   /opt/ros/jazzy/share/ament_cmake_core/cmake/core/ament_package.cmake:63 (ament_package_xml)
[7.349s]   CMakeLists.txt:19 (ament_package)
[7.349s] 
[7.350s] [0m
[7.350s] -- Configuring incomplete, errors occurred!
[7.372s] Invoked command in '/home/nour/ros2-mujoco-robotics-project/ms2/ros2_ws/build/robot_arm_description' returned '1': CMAKE_PREFIX_PATH=${CMAKE_PREFIX_PATH}:/opt/ros/jazzy CONDA_PROMPT_MODIFIER=(base) PS1=(ultra) \[\e]0;\u@\h: \w\a\]${debian_chroot:+($debian_chroot)}\[\033[01;32m\]\u@\h\[\033[00m\]:\[\033[01;34m\]\w\[\033[00m\]\$ VIRTUAL_ENV_PROMPT=(ultra) /usr/bin/cmake /home/nour/ros2-mujoco-robotics-project/ms2/ros2_ws/src/robot_arm_description -DCMAKE_INSTALL_PREFIX=/home/nour/ros2-mujoco-robotics-project/ms2/ros2_ws/install/robot_arm_description
