[0.026s] Invoking command in '/home/nour/ros2-mujoco-robotics-project/ms2/ros2_ws/build/robot_arm_description': CMAKE_PREFIX_PATH=${CMAKE_PREFIX_PATH}:/opt/ros/jazzy CONDA_PROMPT_MODIFIER=(base) PS1=(ultra) \[\e]0;\u@\h: \w\a\]${debian_chroot:+($debian_chroot)}\[\033[01;32m\]\u@\h\[\033[00m\]:\[\033[01;34m\]\w\[\033[00m\]\$ VIRTUAL_ENV_PROMPT=(ultra) /usr/bin/cmake /home/nour/ros2-mujoco-robotics-project/ms2/ros2_ws/src/robot_arm_description -DCMAKE_INSTALL_PREFIX=/home/nour/ros2-mujoco-robotics-project/ms2/ros2_ws/install/robot_arm_description
[0.067s] -- Found ament_cmake: 2.5.4 (/opt/ros/jazzy/share/ament_cmake/cmake)
[0.725s] Traceback (most recent call last):
[0.726s]   File "/opt/ros/jazzy/share/ament_cmake_core/cmake/core/package_xml_2_cmake.py", line 22, in <module>
[0.726s]     from catkin_pkg.package import parse_package_string
[0.727s] ModuleNotFoundError: No module named 'catkin_pkg'
[0.737s] [31mCMake Error at /opt/ros/jazzy/share/ament_cmake_core/cmake/core/ament_package_xml.cmake:95 (message):
[0.738s]   execute_process(/home/nour/projects/envs/ultra/bin/python3
[0.738s]   /opt/ros/jazzy/share/ament_cmake_core/cmake/core/package_xml_2_cmake.py
[0.739s]   /home/nour/ros2-mujoco-robotics-project/ms2/ros2_ws/src/robot_arm_description/package.xml
[0.739s]   /home/nour/ros2-mujoco-robotics-project/ms2/ros2_ws/build/robot_arm_description/ament_cmake_core/package.cmake)
[0.740s]   returned error code 1
[0.740s] Call Stack (most recent call first):
[0.741s]   /opt/ros/jazzy/share/ament_cmake_core/cmake/core/ament_package_xml.cmake:49 (_ament_package_xml)
[0.741s]   /opt/ros/jazzy/share/ament_cmake_core/cmake/core/ament_package.cmake:63 (ament_package_xml)
[0.741s]   CMakeLists.txt:19 (ament_package)
[0.742s] 
[0.742s] [0m
[0.743s] -- Configuring incomplete, errors occurred!
[0.751s] Invoked command in '/home/nour/ros2-mujoco-robotics-project/ms2/ros2_ws/build/robot_arm_description' returned '1': CMAKE_PREFIX_PATH=${CMAKE_PREFIX_PATH}:/opt/ros/jazzy CONDA_PROMPT_MODIFIER=(base) PS1=(ultra) \[\e]0;\u@\h: \w\a\]${debian_chroot:+($debian_chroot)}\[\033[01;32m\]\u@\h\[\033[00m\]:\[\033[01;34m\]\w\[\033[00m\]\$ VIRTUAL_ENV_PROMPT=(ultra) /usr/bin/cmake /home/nour/ros2-mujoco-robotics-project/ms2/ros2_ws/src/robot_arm_description -DCMAKE_INSTALL_PREFIX=/home/nour/ros2-mujoco-robotics-project/ms2/ros2_ws/install/robot_arm_description
