[0.412s] [34mcolcon[0m [1;30mDEBUG[0m [32mCommand line arguments: ['/usr/bin/colcon', 'build'][0m
[0.412s] [34mcolcon[0m [1;30mDEBUG[0m [32mParsed command line arguments: Namespace(log_base=None, log_level=None, verb_name='build', build_base='build', install_base='install', merge_install=False, symlink_install=False, test_result_base=None, continue_on_error=False, executor='parallel', parallel_workers=12, event_handlers=None, ignore_user_meta=False, metas=['./colcon.meta'], base_paths=['.'], packages_ignore=None, packages_ignore_regex=None, paths=None, packages_up_to=None, packages_up_to_regex=None, packages_above=None, packages_above_and_dependencies=None, packages_above_depth=None, packages_select_by_dep=None, packages_skip_by_dep=None, packages_skip_up_to=None, packages_select_build_failed=False, packages_skip_build_finished=False, packages_select_test_failures=False, packages_skip_test_passed=False, packages_select=None, packages_skip=None, packages_select_regex=None, packages_skip_regex=None, packages_start=None, packages_end=None, allow_overriding=[], cmake_args=None, cmake_target=None, cmake_target_skip_unavailable=False, cmake_clean_cache=False, cmake_clean_first=False, cmake_force_configure=False, ament_cmake_args=None, catkin_cmake_args=None, catkin_skip_building_tests=False, verb_parser=<colcon_defaults.argument_parser.defaults.DefaultArgumentsDecorator object at 0x7b41883398b0>, verb_extension=<colcon_core.verb.build.BuildVerb object at 0x7b41884b3680>, main=<bound method BuildVerb.main of <colcon_core.verb.build.BuildVerb object at 0x7b41884b3680>>)[0m
[0.530s] [34mcolcon.colcon_core.package_discovery[0m [1;30mLevel 1[0m discover_packages(colcon_meta) check parameters
[0.530s] [34mcolcon.colcon_core.package_discovery[0m [1;30mLevel 1[0m discover_packages(recursive) check parameters
[0.530s] [34mcolcon.colcon_core.package_discovery[0m [1;30mLevel 1[0m discover_packages(ignore) check parameters
[0.531s] [34mcolcon.colcon_core.package_discovery[0m [1;30mLevel 1[0m discover_packages(path) check parameters
[0.531s] [34mcolcon.colcon_core.package_discovery[0m [1;30mLevel 1[0m discover_packages(colcon_meta) discover
[0.531s] [34mcolcon.colcon_core.package_discovery[0m [1;30mLevel 1[0m discover_packages(recursive) discover
[0.531s] [34mcolcon.colcon_core.package_discovery[0m [1;30mINFO[0m Crawling recursively for packages in '/home/nour/ros2-mujoco-robotics-project/ms2/ros2_ws'
[0.531s] [34mcolcon.colcon_core.package_identification[0m [1;30mLevel 1[0m _identify(.) by extensions ['ignore', 'ignore_ament_install']
[0.531s] [34mcolcon.colcon_core.package_identification[0m [1;30mLevel 1[0m _identify(.) by extension 'ignore'
[0.532s] [34mcolcon.colcon_core.package_identification[0m [1;30mLevel 1[0m _identify(.) by extension 'ignore_ament_install'
[0.532s] [34mcolcon.colcon_core.package_identification[0m [1;30mLevel 1[0m _identify(.) by extensions ['colcon_pkg']
[0.532s] [34mcolcon.colcon_core.package_identification[0m [1;30mLevel 1[0m _identify(.) by extension 'colcon_pkg'
[0.532s] [34mcolcon.colcon_core.package_identification[0m [1;30mLevel 1[0m _identify(.) by extensions ['colcon_meta']
[0.532s] [34mcolcon.colcon_core.package_identification[0m [1;30mLevel 1[0m _identify(.) by extension 'colcon_meta'
[0.532s] [34mcolcon.colcon_core.package_identification[0m [1;30mLevel 1[0m _identify(.) by extensions ['ros']
[0.532s] [34mcolcon.colcon_core.package_identification[0m [1;30mLevel 1[0m _identify(.) by extension 'ros'
[0.597s] [34mcolcon.colcon_core.package_identification[0m [1;30mLevel 1[0m _identify(.) by extensions ['cmake', 'python']
[0.597s] [34mcolcon.colcon_core.package_identification[0m [1;30mLevel 1[0m _identify(.) by extension 'cmake'
[0.597s] [34mcolcon.colcon_core.package_identification[0m [1;30mLevel 1[0m _identify(.) by extension 'python'
[0.597s] [34mcolcon.colcon_core.package_identification[0m [1;30mLevel 1[0m _identify(.) by extensions ['python_setup_py']
[0.598s] [34mcolcon.colcon_core.package_identification[0m [1;30mLevel 1[0m _identify(.) by extension 'python_setup_py'
[0.598s] [34mcolcon.colcon_core.package_identification[0m [1;30mLevel 1[0m _identify(build) by extensions ['ignore', 'ignore_ament_install']
[0.598s] [34mcolcon.colcon_core.package_identification[0m [1;30mLevel 1[0m _identify(build) by extension 'ignore'
[0.598s] [34mcolcon.colcon_core.package_identification[0m [1;30mLevel 1[0m _identify(build) ignored
[0.599s] [34mcolcon.colcon_core.package_identification[0m [1;30mLevel 1[0m _identify(install) by extensions ['ignore', 'ignore_ament_install']
[0.599s] [34mcolcon.colcon_core.package_identification[0m [1;30mLevel 1[0m _identify(install) by extension 'ignore'
[0.599s] [34mcolcon.colcon_core.package_identification[0m [1;30mLevel 1[0m _identify(install) ignored
[0.599s] [34mcolcon.colcon_core.package_identification[0m [1;30mLevel 1[0m _identify(log) by extensions ['ignore', 'ignore_ament_install']
[0.599s] [34mcolcon.colcon_core.package_identification[0m [1;30mLevel 1[0m _identify(log) by extension 'ignore'
[0.600s] [34mcolcon.colcon_core.package_identification[0m [1;30mLevel 1[0m _identify(log) ignored
[0.600s] [34mcolcon.colcon_core.package_identification[0m [1;30mLevel 1[0m _identify(src) by extensions ['ignore', 'ignore_ament_install']
[0.600s] [34mcolcon.colcon_core.package_identification[0m [1;30mLevel 1[0m _identify(src) by extension 'ignore'
[0.600s] [34mcolcon.colcon_core.package_identification[0m [1;30mLevel 1[0m _identify(src) by extension 'ignore_ament_install'
[0.600s] [34mcolcon.colcon_core.package_identification[0m [1;30mLevel 1[0m _identify(src) by extensions ['colcon_pkg']
[0.600s] [34mcolcon.colcon_core.package_identification[0m [1;30mLevel 1[0m _identify(src) by extension 'colcon_pkg'
[0.600s] [34mcolcon.colcon_core.package_identification[0m [1;30mLevel 1[0m _identify(src) by extensions ['colcon_meta']
[0.601s] [34mcolcon.colcon_core.package_identification[0m [1;30mLevel 1[0m _identify(src) by extension 'colcon_meta'
[0.601s] [34mcolcon.colcon_core.package_identification[0m [1;30mLevel 1[0m _identify(src) by extensions ['ros']
[0.601s] [34mcolcon.colcon_core.package_identification[0m [1;30mLevel 1[0m _identify(src) by extension 'ros'
[0.601s] [34mcolcon.colcon_core.package_identification[0m [1;30mLevel 1[0m _identify(src) by extensions ['cmake', 'python']
[0.601s] [34mcolcon.colcon_core.package_identification[0m [1;30mLevel 1[0m _identify(src) by extension 'cmake'
[0.601s] [34mcolcon.colcon_core.package_identification[0m [1;30mLevel 1[0m _identify(src) by extension 'python'
[0.601s] [34mcolcon.colcon_core.package_identification[0m [1;30mLevel 1[0m _identify(src) by extensions ['python_setup_py']
[0.602s] [34mcolcon.colcon_core.package_identification[0m [1;30mLevel 1[0m _identify(src) by extension 'python_setup_py'
[0.602s] [34mcolcon.colcon_core.package_identification[0m [1;30mLevel 1[0m _identify(src/robot_arm_description) by extensions ['ignore', 'ignore_ament_install']
[0.602s] [34mcolcon.colcon_core.package_identification[0m [1;30mLevel 1[0m _identify(src/robot_arm_description) by extension 'ignore'
[0.602s] [34mcolcon.colcon_core.package_identification[0m [1;30mLevel 1[0m _identify(src/robot_arm_description) by extension 'ignore_ament_install'
[0.602s] [34mcolcon.colcon_core.package_identification[0m [1;30mLevel 1[0m _identify(src/robot_arm_description) by extensions ['colcon_pkg']
[0.603s] [34mcolcon.colcon_core.package_identification[0m [1;30mLevel 1[0m _identify(src/robot_arm_description) by extension 'colcon_pkg'
[0.603s] [34mcolcon.colcon_core.package_identification[0m [1;30mLevel 1[0m _identify(src/robot_arm_description) by extensions ['colcon_meta']
[0.603s] [34mcolcon.colcon_core.package_identification[0m [1;30mLevel 1[0m _identify(src/robot_arm_description) by extension 'colcon_meta'
[0.603s] [34mcolcon.colcon_core.package_identification[0m [1;30mLevel 1[0m _identify(src/robot_arm_description) by extensions ['ros']
[0.603s] [34mcolcon.colcon_core.package_identification[0m [1;30mLevel 1[0m _identify(src/robot_arm_description) by extension 'ros'
[0.609s] [34mcolcon.colcon_core.package_identification[0m [1;30mDEBUG[0m [32mPackage 'src/robot_arm_description' with type 'ros.ament_cmake' and name 'robot_arm_description'[0m
[0.609s] [34mcolcon.colcon_core.package_discovery[0m [1;30mLevel 1[0m discover_packages(recursive) using defaults
[0.609s] [34mcolcon.colcon_core.package_discovery[0m [1;30mLevel 1[0m discover_packages(ignore) discover
[0.609s] [34mcolcon.colcon_core.package_discovery[0m [1;30mLevel 1[0m discover_packages(ignore) using defaults
[0.609s] [34mcolcon.colcon_core.package_discovery[0m [1;30mLevel 1[0m discover_packages(path) discover
[0.610s] [34mcolcon.colcon_core.package_discovery[0m [1;30mLevel 1[0m discover_packages(path) using defaults
[0.652s] [34mcolcon.colcon_core.package_discovery[0m [1;30mLevel 1[0m discover_packages(prefix_path) check parameters
[0.652s] [34mcolcon.colcon_core.package_discovery[0m [1;30mLevel 1[0m discover_packages(prefix_path) discover
[0.657s] [34mcolcon.colcon_installed_package_information.package_discovery[0m [1;30mDEBUG[0m [32mFound 1 installed packages in /home/nour/ros2-mujoco-robotics-project/ms2/ros2_ws/install[0m
[0.662s] [34mcolcon.colcon_installed_package_information.package_discovery[0m [1;30mDEBUG[0m [32mFound 288 installed packages in /opt/ros/jazzy[0m
[0.663s] [34mcolcon.colcon_core.package_discovery[0m [1;30mLevel 1[0m discover_packages(prefix_path) using defaults
[0.823s] [34mcolcon.colcon_core.verb[0m [1;30mLevel 5[0m set package 'robot_arm_description' build argument 'cmake_args' from command line to 'None'
[0.823s] [34mcolcon.colcon_core.verb[0m [1;30mLevel 5[0m set package 'robot_arm_description' build argument 'cmake_target' from command line to 'None'
[0.823s] [34mcolcon.colcon_core.verb[0m [1;30mLevel 5[0m set package 'robot_arm_description' build argument 'cmake_target_skip_unavailable' from command line to 'False'
[0.826s] [34mcolcon.colcon_core.verb[0m [1;30mLevel 5[0m set package 'robot_arm_description' build argument 'cmake_clean_cache' from command line to 'False'
[0.826s] [34mcolcon.colcon_core.verb[0m [1;30mLevel 5[0m set package 'robot_arm_description' build argument 'cmake_clean_first' from command line to 'False'
[0.826s] [34mcolcon.colcon_core.verb[0m [1;30mLevel 5[0m set package 'robot_arm_description' build argument 'cmake_force_configure' from command line to 'False'
[0.826s] [34mcolcon.colcon_core.verb[0m [1;30mLevel 5[0m set package 'robot_arm_description' build argument 'ament_cmake_args' from command line to 'None'
[0.826s] [34mcolcon.colcon_core.verb[0m [1;30mLevel 5[0m set package 'robot_arm_description' build argument 'catkin_cmake_args' from command line to 'None'
[0.827s] [34mcolcon.colcon_core.verb[0m [1;30mLevel 5[0m set package 'robot_arm_description' build argument 'catkin_skip_building_tests' from command line to 'False'
[0.827s] [34mcolcon.colcon_core.verb[0m [1;30mDEBUG[0m [32mBuilding package 'robot_arm_description' with the following arguments: {'ament_cmake_args': None, 'build_base': '/home/nour/ros2-mujoco-robotics-project/ms2/ros2_ws/build/robot_arm_description', 'catkin_cmake_args': None, 'catkin_skip_building_tests': False, 'cmake_args': None, 'cmake_clean_cache': False, 'cmake_clean_first': False, 'cmake_force_configure': False, 'cmake_target': None, 'cmake_target_skip_unavailable': False, 'install_base': '/home/nour/ros2-mujoco-robotics-project/ms2/ros2_ws/install/robot_arm_description', 'merge_install': False, 'path': '/home/nour/ros2-mujoco-robotics-project/ms2/ros2_ws/src/robot_arm_description', 'symlink_install': False, 'test_result_base': None}[0m
[0.827s] [34mcolcon.colcon_core.executor[0m [1;30mINFO[0m Executing jobs using 'parallel' executor
[0.830s] [34mcolcon.colcon_parallel_executor.executor.parallel[0m [1;30mDEBUG[0m [32mrun_until_complete[0m
[0.831s] [34mcolcon.colcon_ros.task.ament_cmake.build[0m [1;30mINFO[0m Building ROS package in '/home/nour/ros2-mujoco-robotics-project/ms2/ros2_ws/src/robot_arm_description' with build type 'ament_cmake'
[0.832s] [34mcolcon.colcon_cmake.task.cmake.build[0m [1;30mINFO[0m Building CMake package in '/home/nour/ros2-mujoco-robotics-project/ms2/ros2_ws/src/robot_arm_description'
[0.840s] [34mcolcon.colcon_core.plugin_system[0m [1;30mINFO[0m Skipping extension 'colcon_core.shell.bat': Not used on non-Windows systems
[0.840s] [34mcolcon.colcon_core.shell[0m [1;30mINFO[0m Skip shell extension 'powershell' for command environment: Not usable outside of PowerShell
[0.840s] [34mcolcon.colcon_core.shell[0m [1;30mDEBUG[0m [32mSkip shell extension 'dsv' for command environment[0m
[0.866s] [34mcolcon.colcon_core.event_handler.log_command[0m [1;30mDEBUG[0m [32mInvoking command in '/home/nour/ros2-mujoco-robotics-project/ms2/ros2_ws/build/robot_arm_description': CMAKE_PREFIX_PATH=${CMAKE_PREFIX_PATH}:/opt/ros/jazzy /usr/bin/cmake --build /home/nour/ros2-mujoco-robotics-project/ms2/ros2_ws/build/robot_arm_description -- -j12 -l12[0m
[0.986s] [34mcolcon.colcon_core.event_handler.log_command[0m [1;30mDEBUG[0m [32mInvoked command in '/home/nour/ros2-mujoco-robotics-project/ms2/ros2_ws/build/robot_arm_description' returned '0': CMAKE_PREFIX_PATH=${CMAKE_PREFIX_PATH}:/opt/ros/jazzy /usr/bin/cmake --build /home/nour/ros2-mujoco-robotics-project/ms2/ros2_ws/build/robot_arm_description -- -j12 -l12[0m
[1.012s] [34mcolcon.colcon_core.event_handler.log_command[0m [1;30mDEBUG[0m [32mInvoking command in '/home/nour/ros2-mujoco-robotics-project/ms2/ros2_ws/build/robot_arm_description': CMAKE_PREFIX_PATH=${CMAKE_PREFIX_PATH}:/opt/ros/jazzy /usr/bin/cmake --install /home/nour/ros2-mujoco-robotics-project/ms2/ros2_ws/build/robot_arm_description[0m
[1.041s] [34mcolcon.colcon_core.environment[0m [1;30mLevel 1[0m create_environment_scripts_only(robot_arm_description)
[1.044s] [34mcolcon.colcon_core.event_handler.log_command[0m [1;30mDEBUG[0m [32mInvoked command in '/home/nour/ros2-mujoco-robotics-project/ms2/ros2_ws/build/robot_arm_description' returned '0': CMAKE_PREFIX_PATH=${CMAKE_PREFIX_PATH}:/opt/ros/jazzy /usr/bin/cmake --install /home/nour/ros2-mujoco-robotics-project/ms2/ros2_ws/build/robot_arm_description[0m
[1.049s] [34mcolcon.colcon_core.environment[0m [1;30mLevel 1[0m checking '/home/nour/ros2-mujoco-robotics-project/ms2/ros2_ws/install/robot_arm_description' for CMake module files
[1.051s] [34mcolcon.colcon_core.environment[0m [1;30mLevel 1[0m checking '/home/nour/ros2-mujoco-robotics-project/ms2/ros2_ws/install/robot_arm_description' for CMake config files
[1.051s] [34mcolcon.colcon_core.shell[0m [1;30mLevel 1[0m create_environment_hook('robot_arm_description', 'cmake_prefix_path')
[1.052s] [34mcolcon.colcon_core.shell[0m [1;30mINFO[0m Creating environment hook '/home/nour/ros2-mujoco-robotics-project/ms2/ros2_ws/install/robot_arm_description/share/robot_arm_description/hook/cmake_prefix_path.ps1'
[1.053s] [34mcolcon.colcon_core.shell[0m [1;30mINFO[0m Creating environment descriptor '/home/nour/ros2-mujoco-robotics-project/ms2/ros2_ws/install/robot_arm_description/share/robot_arm_description/hook/cmake_prefix_path.dsv'
[1.054s] [34mcolcon.colcon_core.shell[0m [1;30mINFO[0m Creating environment hook '/home/nour/ros2-mujoco-robotics-project/ms2/ros2_ws/install/robot_arm_description/share/robot_arm_description/hook/cmake_prefix_path.sh'
[1.056s] [34mcolcon.colcon_core.environment[0m [1;30mLevel 1[0m checking '/home/nour/ros2-mujoco-robotics-project/ms2/ros2_ws/install/robot_arm_description/bin'
[1.056s] [34mcolcon.colcon_core.environment[0m [1;30mLevel 1[0m checking '/home/nour/ros2-mujoco-robotics-project/ms2/ros2_ws/install/robot_arm_description/lib/pkgconfig/robot_arm_description.pc'
[1.057s] [34mcolcon.colcon_core.environment[0m [1;30mLevel 1[0m checking '/home/nour/ros2-mujoco-robotics-project/ms2/ros2_ws/install/robot_arm_description/lib/python3.12/site-packages'
[1.058s] [34mcolcon.colcon_core.environment[0m [1;30mLevel 1[0m checking '/home/nour/ros2-mujoco-robotics-project/ms2/ros2_ws/install/robot_arm_description/bin'
[1.059s] [34mcolcon.colcon_core.shell[0m [1;30mINFO[0m Creating package script '/home/nour/ros2-mujoco-robotics-project/ms2/ros2_ws/install/robot_arm_description/share/robot_arm_description/package.ps1'
[1.061s] [34mcolcon.colcon_core.shell[0m [1;30mINFO[0m Creating package descriptor '/home/nour/ros2-mujoco-robotics-project/ms2/ros2_ws/install/robot_arm_description/share/robot_arm_description/package.dsv'
[1.062s] [34mcolcon.colcon_core.shell[0m [1;30mINFO[0m Creating package script '/home/nour/ros2-mujoco-robotics-project/ms2/ros2_ws/install/robot_arm_description/share/robot_arm_description/package.sh'
[1.064s] [34mcolcon.colcon_core.shell[0m [1;30mINFO[0m Creating package script '/home/nour/ros2-mujoco-robotics-project/ms2/ros2_ws/install/robot_arm_description/share/robot_arm_description/package.bash'
[1.065s] [34mcolcon.colcon_core.shell[0m [1;30mINFO[0m Creating package script '/home/nour/ros2-mujoco-robotics-project/ms2/ros2_ws/install/robot_arm_description/share/robot_arm_description/package.zsh'
[1.067s] [34mcolcon.colcon_core.environment[0m [1;30mLevel 1[0m create_file_with_runtime_dependencies(/home/nour/ros2-mujoco-robotics-project/ms2/ros2_ws/install/robot_arm_description/share/colcon-core/packages/robot_arm_description)
[1.069s] [34mcolcon.colcon_core.environment[0m [1;30mLevel 1[0m create_environment_scripts_only(robot_arm_description)
[1.069s] [34mcolcon.colcon_core.environment[0m [1;30mLevel 1[0m checking '/home/nour/ros2-mujoco-robotics-project/ms2/ros2_ws/install/robot_arm_description' for CMake module files
[1.071s] [34mcolcon.colcon_core.environment[0m [1;30mLevel 1[0m checking '/home/nour/ros2-mujoco-robotics-project/ms2/ros2_ws/install/robot_arm_description' for CMake config files
[1.072s] [34mcolcon.colcon_core.shell[0m [1;30mLevel 1[0m create_environment_hook('robot_arm_description', 'cmake_prefix_path')
[1.073s] [34mcolcon.colcon_core.shell[0m [1;30mINFO[0m Creating environment hook '/home/nour/ros2-mujoco-robotics-project/ms2/ros2_ws/install/robot_arm_description/share/robot_arm_description/hook/cmake_prefix_path.ps1'
[1.074s] [34mcolcon.colcon_core.shell[0m [1;30mINFO[0m Creating environment descriptor '/home/nour/ros2-mujoco-robotics-project/ms2/ros2_ws/install/robot_arm_description/share/robot_arm_description/hook/cmake_prefix_path.dsv'
[1.075s] [34mcolcon.colcon_core.shell[0m [1;30mINFO[0m Creating environment hook '/home/nour/ros2-mujoco-robotics-project/ms2/ros2_ws/install/robot_arm_description/share/robot_arm_description/hook/cmake_prefix_path.sh'
[1.076s] [34mcolcon.colcon_core.environment[0m [1;30mLevel 1[0m checking '/home/nour/ros2-mujoco-robotics-project/ms2/ros2_ws/install/robot_arm_description/bin'
[1.077s] [34mcolcon.colcon_core.environment[0m [1;30mLevel 1[0m checking '/home/nour/ros2-mujoco-robotics-project/ms2/ros2_ws/install/robot_arm_description/lib/pkgconfig/robot_arm_description.pc'
[1.077s] [34mcolcon.colcon_core.environment[0m [1;30mLevel 1[0m checking '/home/nour/ros2-mujoco-robotics-project/ms2/ros2_ws/install/robot_arm_description/lib/python3.12/site-packages'
[1.078s] [34mcolcon.colcon_core.environment[0m [1;30mLevel 1[0m checking '/home/nour/ros2-mujoco-robotics-project/ms2/ros2_ws/install/robot_arm_description/bin'
[1.079s] [34mcolcon.colcon_core.shell[0m [1;30mINFO[0m Creating package script '/home/nour/ros2-mujoco-robotics-project/ms2/ros2_ws/install/robot_arm_description/share/robot_arm_description/package.ps1'
[1.080s] [34mcolcon.colcon_core.shell[0m [1;30mINFO[0m Creating package descriptor '/home/nour/ros2-mujoco-robotics-project/ms2/ros2_ws/install/robot_arm_description/share/robot_arm_description/package.dsv'
[1.081s] [34mcolcon.colcon_core.shell[0m [1;30mINFO[0m Creating package script '/home/nour/ros2-mujoco-robotics-project/ms2/ros2_ws/install/robot_arm_description/share/robot_arm_description/package.sh'
[1.082s] [34mcolcon.colcon_core.shell[0m [1;30mINFO[0m Creating package script '/home/nour/ros2-mujoco-robotics-project/ms2/ros2_ws/install/robot_arm_description/share/robot_arm_description/package.bash'
[1.083s] [34mcolcon.colcon_core.shell[0m [1;30mINFO[0m Creating package script '/home/nour/ros2-mujoco-robotics-project/ms2/ros2_ws/install/robot_arm_description/share/robot_arm_description/package.zsh'
[1.084s] [34mcolcon.colcon_core.environment[0m [1;30mLevel 1[0m create_file_with_runtime_dependencies(/home/nour/ros2-mujoco-robotics-project/ms2/ros2_ws/install/robot_arm_description/share/colcon-core/packages/robot_arm_description)
[1.085s] [34mcolcon.colcon_parallel_executor.executor.parallel[0m [1;30mDEBUG[0m [32mclosing loop[0m
[1.085s] [34mcolcon.colcon_parallel_executor.executor.parallel[0m [1;30mDEBUG[0m [32mloop closed[0m
[1.086s] [34mcolcon.colcon_parallel_executor.executor.parallel[0m [1;30mDEBUG[0m [32mrun_until_complete finished with '0'[0m
[1.086s] [34mcolcon.colcon_core.event_reactor[0m [1;30mDEBUG[0m [32mjoining thread[0m
[1.099s] [34mcolcon.colcon_core.plugin_system[0m [1;30mINFO[0m Skipping extension 'colcon_notification.desktop_notification.terminal_notifier': Not used on non-Darwin systems
[1.099s] [34mcolcon.colcon_core.plugin_system[0m [1;30mINFO[0m Skipping extension 'colcon_notification.desktop_notification.win32': Not used on non-Windows systems
[1.099s] [34mcolcon.colcon_notification.desktop_notification[0m [1;30mINFO[0m Sending desktop notification using 'notify2'
[1.106s] [34mcolcon.colcon_core.event_reactor[0m [1;30mDEBUG[0m [32mjoined thread[0m
[1.106s] [34mcolcon.colcon_core.shell[0m [1;30mINFO[0m Creating prefix script '/home/nour/ros2-mujoco-robotics-project/ms2/ros2_ws/install/local_setup.ps1'
[1.109s] [34mcolcon.colcon_core.shell[0m [1;30mINFO[0m Creating prefix util module '/home/nour/ros2-mujoco-robotics-project/ms2/ros2_ws/install/_local_setup_util_ps1.py'
[1.111s] [34mcolcon.colcon_core.shell[0m [1;30mINFO[0m Creating prefix chain script '/home/nour/ros2-mujoco-robotics-project/ms2/ros2_ws/install/setup.ps1'
[1.113s] [34mcolcon.colcon_core.shell[0m [1;30mINFO[0m Creating prefix script '/home/nour/ros2-mujoco-robotics-project/ms2/ros2_ws/install/local_setup.sh'
[1.115s] [34mcolcon.colcon_core.shell[0m [1;30mINFO[0m Creating prefix util module '/home/nour/ros2-mujoco-robotics-project/ms2/ros2_ws/install/_local_setup_util_sh.py'
[1.117s] [34mcolcon.colcon_core.shell[0m [1;30mINFO[0m Creating prefix chain script '/home/nour/ros2-mujoco-robotics-project/ms2/ros2_ws/install/setup.sh'
[1.120s] [34mcolcon.colcon_core.shell[0m [1;30mINFO[0m Creating prefix script '/home/nour/ros2-mujoco-robotics-project/ms2/ros2_ws/install/local_setup.bash'
[1.121s] [34mcolcon.colcon_core.shell[0m [1;30mINFO[0m Creating prefix chain script '/home/nour/ros2-mujoco-robotics-project/ms2/ros2_ws/install/setup.bash'
[1.124s] [34mcolcon.colcon_core.shell[0m [1;30mINFO[0m Creating prefix script '/home/nour/ros2-mujoco-robotics-project/ms2/ros2_ws/install/local_setup.zsh'
[1.125s] [34mcolcon.colcon_core.shell[0m [1;30mINFO[0m Creating prefix chain script '/home/nour/ros2-mujoco-robotics-project/ms2/ros2_ws/install/setup.zsh'
