[0.320s] colcon DEBUG Command line arguments: ['/usr/bin/colcon', 'build', '--packages-select', 'robot_arm_kinematics']
[0.320s] colcon DEBUG Parsed command line arguments: Namespace(log_base=None, log_level=None, verb_name='build', build_base='build', install_base='install', merge_install=False, symlink_install=False, test_result_base=None, continue_on_error=False, executor='parallel', parallel_workers=12, event_handlers=None, ignore_user_meta=False, metas=['./colcon.meta'], base_paths=['.'], packages_ignore=None, packages_ignore_regex=None, paths=None, packages_up_to=None, packages_up_to_regex=None, packages_above=None, packages_above_and_dependencies=None, packages_above_depth=None, packages_select_by_dep=None, packages_skip_by_dep=None, packages_skip_up_to=None, packages_select_build_failed=False, packages_skip_build_finished=False, packages_select_test_failures=False, packages_skip_test_passed=False, packages_select=['robot_arm_kinematics'], packages_skip=None, packages_select_regex=None, packages_skip_regex=None, packages_start=None, packages_end=None, allow_overriding=[], cmake_args=None, cmake_target=None, cmake_target_skip_unavailable=False, cmake_clean_cache=False, cmake_clean_first=False, cmake_force_configure=False, ament_cmake_args=None, catkin_cmake_args=None, catkin_skip_building_tests=False, verb_parser=<colcon_defaults.argument_parser.defaults.DefaultArgumentsDecorator object at 0x700ac52fc470>, verb_extension=<colcon_core.verb.build.BuildVerb object at 0x700ac52d03b0>, main=<bound method BuildVerb.main of <colcon_core.verb.build.BuildVerb object at 0x700ac52d03b0>>)
[0.428s] colcon.colcon_core.package_discovery Level 1 discover_packages(colcon_meta) check parameters
[0.429s] colcon.colcon_core.package_discovery Level 1 discover_packages(recursive) check parameters
[0.429s] colcon.colcon_core.package_discovery Level 1 discover_packages(ignore) check parameters
[0.429s] colcon.colcon_core.package_discovery Level 1 discover_packages(path) check parameters
[0.429s] colcon.colcon_core.package_discovery Level 1 discover_packages(colcon_meta) discover
[0.429s] colcon.colcon_core.package_discovery Level 1 discover_packages(recursive) discover
[0.429s] colcon.colcon_core.package_discovery INFO Crawling recursively for packages in '/home/nour/ros2-mujoco-robotics-project/ms3/ros2_ws'
[0.429s] colcon.colcon_core.package_identification Level 1 _identify(.) by extensions ['ignore', 'ignore_ament_install']
[0.430s] colcon.colcon_core.package_identification Level 1 _identify(.) by extension 'ignore'
[0.430s] colcon.colcon_core.package_identification Level 1 _identify(.) by extension 'ignore_ament_install'
[0.430s] colcon.colcon_core.package_identification Level 1 _identify(.) by extensions ['colcon_pkg']
[0.430s] colcon.colcon_core.package_identification Level 1 _identify(.) by extension 'colcon_pkg'
[0.430s] colcon.colcon_core.package_identification Level 1 _identify(.) by extensions ['colcon_meta']
[0.430s] colcon.colcon_core.package_identification Level 1 _identify(.) by extension 'colcon_meta'
[0.430s] colcon.colcon_core.package_identification Level 1 _identify(.) by extensions ['ros']
[0.431s] colcon.colcon_core.package_identification Level 1 _identify(.) by extension 'ros'
[0.498s] colcon.colcon_core.package_identification Level 1 _identify(.) by extensions ['cmake', 'python']
[0.498s] colcon.colcon_core.package_identification Level 1 _identify(.) by extension 'cmake'
[0.498s] colcon.colcon_core.package_identification Level 1 _identify(.) by extension 'python'
[0.498s] colcon.colcon_core.package_identification Level 1 _identify(.) by extensions ['python_setup_py']
[0.498s] colcon.colcon_core.package_identification Level 1 _identify(.) by extension 'python_setup_py'
[0.499s] colcon.colcon_core.package_identification Level 1 _identify(build) by extensions ['ignore', 'ignore_ament_install']
[0.499s] colcon.colcon_core.package_identification Level 1 _identify(build) by extension 'ignore'
[0.499s] colcon.colcon_core.package_identification Level 1 _identify(build) ignored
[0.499s] colcon.colcon_core.package_identification Level 1 _identify(install) by extensions ['ignore', 'ignore_ament_install']
[0.500s] colcon.colcon_core.package_identification Level 1 _identify(install) by extension 'ignore'
[0.500s] colcon.colcon_core.package_identification Level 1 _identify(install) ignored
[0.500s] colcon.colcon_core.package_identification Level 1 _identify(log) by extensions ['ignore', 'ignore_ament_install']
[0.500s] colcon.colcon_core.package_identification Level 1 _identify(log) by extension 'ignore'
[0.500s] colcon.colcon_core.package_identification Level 1 _identify(log) ignored
[0.501s] colcon.colcon_core.package_identification Level 1 _identify(src) by extensions ['ignore', 'ignore_ament_install']
[0.501s] colcon.colcon_core.package_identification Level 1 _identify(src) by extension 'ignore'
[0.501s] colcon.colcon_core.package_identification Level 1 _identify(src) by extension 'ignore_ament_install'
[0.501s] colcon.colcon_core.package_identification Level 1 _identify(src) by extensions ['colcon_pkg']
[0.501s] colcon.colcon_core.package_identification Level 1 _identify(src) by extension 'colcon_pkg'
[0.501s] colcon.colcon_core.package_identification Level 1 _identify(src) by extensions ['colcon_meta']
[0.501s] colcon.colcon_core.package_identification Level 1 _identify(src) by extension 'colcon_meta'
[0.502s] colcon.colcon_core.package_identification Level 1 _identify(src) by extensions ['ros']
[0.502s] colcon.colcon_core.package_identification Level 1 _identify(src) by extension 'ros'
[0.502s] colcon.colcon_core.package_identification Level 1 _identify(src) by extensions ['cmake', 'python']
[0.502s] colcon.colcon_core.package_identification Level 1 _identify(src) by extension 'cmake'
[0.502s] colcon.colcon_core.package_identification Level 1 _identify(src) by extension 'python'
[0.502s] colcon.colcon_core.package_identification Level 1 _identify(src) by extensions ['python_setup_py']
[0.502s] colcon.colcon_core.package_identification Level 1 _identify(src) by extension 'python_setup_py'
[0.503s] colcon.colcon_core.package_identification Level 1 _identify(src/robot_arm_kinematics) by extensions ['ignore', 'ignore_ament_install']
[0.503s] colcon.colcon_core.package_identification Level 1 _identify(src/robot_arm_kinematics) by extension 'ignore'
[0.503s] colcon.colcon_core.package_identification Level 1 _identify(src/robot_arm_kinematics) by extension 'ignore_ament_install'
[0.503s] colcon.colcon_core.package_identification Level 1 _identify(src/robot_arm_kinematics) by extensions ['colcon_pkg']
[0.503s] colcon.colcon_core.package_identification Level 1 _identify(src/robot_arm_kinematics) by extension 'colcon_pkg'
[0.503s] colcon.colcon_core.package_identification Level 1 _identify(src/robot_arm_kinematics) by extensions ['colcon_meta']
[0.504s] colcon.colcon_core.package_identification Level 1 _identify(src/robot_arm_kinematics) by extension 'colcon_meta'
[0.504s] colcon.colcon_core.package_identification Level 1 _identify(src/robot_arm_kinematics) by extensions ['ros']
[0.504s] colcon.colcon_core.package_identification Level 1 _identify(src/robot_arm_kinematics) by extension 'ros'
[0.511s] colcon.colcon_core.package_identification DEBUG Package 'src/robot_arm_kinematics' with type 'ros.ament_python' and name 'robot_arm_kinematics'
[0.511s] colcon.colcon_core.package_discovery Level 1 discover_packages(recursive) using defaults
[0.511s] colcon.colcon_core.package_discovery Level 1 discover_packages(ignore) discover
[0.511s] colcon.colcon_core.package_discovery Level 1 discover_packages(ignore) using defaults
[0.511s] colcon.colcon_core.package_discovery Level 1 discover_packages(path) discover
[0.511s] colcon.colcon_core.package_discovery Level 1 discover_packages(path) using defaults
[0.555s] colcon.colcon_core.package_discovery Level 1 discover_packages(prefix_path) check parameters
[0.555s] colcon.colcon_core.package_discovery Level 1 discover_packages(prefix_path) discover
[0.560s] colcon.colcon_installed_package_information.package_discovery DEBUG Found 1 installed packages in /home/nour/ros2-mujoco-robotics-project/ms3/ros2_ws/install
[0.565s] colcon.colcon_installed_package_information.package_discovery DEBUG Found 288 installed packages in /opt/ros/jazzy
[0.566s] colcon.colcon_core.package_discovery Level 1 discover_packages(prefix_path) using defaults
[0.708s] colcon.colcon_core.verb Level 5 set package 'robot_arm_kinematics' build argument 'cmake_args' from command line to 'None'
[0.709s] colcon.colcon_core.verb Level 5 set package 'robot_arm_kinematics' build argument 'cmake_target' from command line to 'None'
[0.709s] colcon.colcon_core.verb Level 5 set package 'robot_arm_kinematics' build argument 'cmake_target_skip_unavailable' from command line to 'False'
[0.709s] colcon.colcon_core.verb Level 5 set package 'robot_arm_kinematics' build argument 'cmake_clean_cache' from command line to 'False'
[0.709s] colcon.colcon_core.verb Level 5 set package 'robot_arm_kinematics' build argument 'cmake_clean_first' from command line to 'False'
[0.709s] colcon.colcon_core.verb Level 5 set package 'robot_arm_kinematics' build argument 'cmake_force_configure' from command line to 'False'
[0.709s] colcon.colcon_core.verb Level 5 set package 'robot_arm_kinematics' build argument 'ament_cmake_args' from command line to 'None'
[0.709s] colcon.colcon_core.verb Level 5 set package 'robot_arm_kinematics' build argument 'catkin_cmake_args' from command line to 'None'
[0.710s] colcon.colcon_core.verb Level 5 set package 'robot_arm_kinematics' build argument 'catkin_skip_building_tests' from command line to 'False'
[0.710s] colcon.colcon_core.verb DEBUG Building package 'robot_arm_kinematics' with the following arguments: {'ament_cmake_args': None, 'build_base': '/home/nour/ros2-mujoco-robotics-project/ms3/ros2_ws/build/robot_arm_kinematics', 'catkin_cmake_args': None, 'catkin_skip_building_tests': False, 'cmake_args': None, 'cmake_clean_cache': False, 'cmake_clean_first': False, 'cmake_force_configure': False, 'cmake_target': None, 'cmake_target_skip_unavailable': False, 'install_base': '/home/nour/ros2-mujoco-robotics-project/ms3/ros2_ws/install/robot_arm_kinematics', 'merge_install': False, 'path': '/home/nour/ros2-mujoco-robotics-project/ms3/ros2_ws/src/robot_arm_kinematics', 'symlink_install': False, 'test_result_base': None}
[0.710s] colcon.colcon_core.executor INFO Executing jobs using 'parallel' executor
[0.712s] colcon.colcon_parallel_executor.executor.parallel DEBUG run_until_complete
[0.713s] colcon.colcon_ros.task.ament_python.build INFO Building ROS package in '/home/nour/ros2-mujoco-robotics-project/ms3/ros2_ws/src/robot_arm_kinematics' with build type 'ament_python'
[0.714s] colcon.colcon_core.shell Level 1 create_environment_hook('robot_arm_kinematics', 'ament_prefix_path')
[0.719s] colcon.colcon_core.plugin_system INFO Skipping extension 'colcon_core.shell.bat': Not used on non-Windows systems
[0.719s] colcon.colcon_core.shell INFO Creating environment hook '/home/nour/ros2-mujoco-robotics-project/ms3/ros2_ws/install/robot_arm_kinematics/share/robot_arm_kinematics/hook/ament_prefix_path.ps1'
[0.721s] colcon.colcon_core.shell INFO Creating environment descriptor '/home/nour/ros2-mujoco-robotics-project/ms3/ros2_ws/install/robot_arm_kinematics/share/robot_arm_kinematics/hook/ament_prefix_path.dsv'
[0.722s] colcon.colcon_core.shell INFO Creating environment hook '/home/nour/ros2-mujoco-robotics-project/ms3/ros2_ws/install/robot_arm_kinematics/share/robot_arm_kinematics/hook/ament_prefix_path.sh'
[0.725s] colcon.colcon_core.shell INFO Skip shell extension 'powershell' for command environment: Not usable outside of PowerShell
[0.725s] colcon.colcon_core.shell DEBUG Skip shell extension 'dsv' for command environment
[1.484s] colcon.colcon_core.task.python.build INFO Building Python package in '/home/nour/ros2-mujoco-robotics-project/ms3/ros2_ws/src/robot_arm_kinematics'
[1.485s] colcon.colcon_core.shell INFO Skip shell extension 'powershell' for command environment: Not usable outside of PowerShell
[1.485s] colcon.colcon_core.shell DEBUG Skip shell extension 'dsv' for command environment
[3.553s] colcon.colcon_core.event_handler.log_command DEBUG Invoking command in '/home/nour/ros2-mujoco-robotics-project/ms3/ros2_ws/src/robot_arm_kinematics': CONDA_PROMPT_MODIFIER=(base) PYTHONPATH=/home/nour/ros2-mujoco-robotics-project/ms3/ros2_ws/build/robot_arm_kinematics/prefix_override:/usr/lib/python3/dist-packages/colcon_core/task/python/colcon_distutils_commands:/home/nour/ros2-mujoco-robotics-project/ms3/ros2_ws/install/robot_arm_kinematics/lib/python3.12/site-packages:${PYTHONPATH} /usr/bin/python3 -W ignore:setup.py install is deprecated -W ignore:easy_install command is deprecated setup.py egg_info --egg-base ../../build/robot_arm_kinematics build --build-base /home/nour/ros2-mujoco-robotics-project/ms3/ros2_ws/build/robot_arm_kinematics/build install --record /home/nour/ros2-mujoco-robotics-project/ms3/ros2_ws/build/robot_arm_kinematics/install.log --single-version-externally-managed install_data
[4.602s] colcon.colcon_parallel_executor.executor.parallel DEBUG run_until_complete was interrupted
[4.603s] colcon.colcon_parallel_executor.executor.parallel DEBUG run_until_complete again
[4.674s] colcon.colcon_core.event_handler.log_command DEBUG Invoked command in '/home/nour/ros2-mujoco-robotics-project/ms3/ros2_ws/src/robot_arm_kinematics' returned '1': CONDA_PROMPT_MODIFIER=(base) PYTHONPATH=/home/nour/ros2-mujoco-robotics-project/ms3/ros2_ws/build/robot_arm_kinematics/prefix_override:/usr/lib/python3/dist-packages/colcon_core/task/python/colcon_distutils_commands:/home/nour/ros2-mujoco-robotics-project/ms3/ros2_ws/install/robot_arm_kinematics/lib/python3.12/site-packages:${PYTHONPATH} /usr/bin/python3 -W ignore:setup.py install is deprecated -W ignore:easy_install command is deprecated setup.py egg_info --egg-base ../../build/robot_arm_kinematics build --build-base /home/nour/ros2-mujoco-robotics-project/ms3/ros2_ws/build/robot_arm_kinematics/build install --record /home/nour/ros2-mujoco-robotics-project/ms3/ros2_ws/build/robot_arm_kinematics/install.log --single-version-externally-managed install_data
[4.675s] colcon.colcon_core.event_reactor ERROR Exception in event handler extension 'console_start_end': [Errno 32] Broken pipe
Traceback (most recent call last):
  File "/usr/lib/python3/dist-packages/colcon_core/event_reactor.py", line 78, in _notify_observers
    retval = observer(event)
             ^^^^^^^^^^^^^^^
  File "/usr/lib/python3/dist-packages/colcon_core/event_handler/console_start_end.py", line 72, in __call__
    print(Style.SectionEnd(msg), file=writable, flush=True)
BrokenPipeError: [Errno 32] Broken pipe

[4.683s] colcon.colcon_parallel_executor.executor.parallel DEBUG run_until_complete finished
[4.683s] colcon.colcon_parallel_executor.executor.parallel DEBUG closing loop
[4.683s] colcon.colcon_parallel_executor.executor.parallel DEBUG loop closed
[4.684s] colcon.colcon_core.event_reactor DEBUG joining thread
[4.698s] colcon.colcon_core.plugin_system INFO Skipping extension 'colcon_notification.desktop_notification.terminal_notifier': Not used on non-Darwin systems
[4.698s] colcon.colcon_core.plugin_system INFO Skipping extension 'colcon_notification.desktop_notification.win32': Not used on non-Windows systems
[4.698s] colcon.colcon_notification.desktop_notification INFO Sending desktop notification using 'notify2'
[4.705s] colcon.colcon_core.event_reactor DEBUG joined thread
[4.706s] colcon.colcon_core.shell INFO Creating prefix script '/home/nour/ros2-mujoco-robotics-project/ms3/ros2_ws/install/local_setup.ps1'
[4.708s] colcon.colcon_core.shell INFO Creating prefix util module '/home/nour/ros2-mujoco-robotics-project/ms3/ros2_ws/install/_local_setup_util_ps1.py'
[4.712s] colcon.colcon_core.shell INFO Creating prefix chain script '/home/nour/ros2-mujoco-robotics-project/ms3/ros2_ws/install/setup.ps1'
[4.714s] colcon.colcon_core.shell INFO Creating prefix script '/home/nour/ros2-mujoco-robotics-project/ms3/ros2_ws/install/local_setup.sh'
[4.716s] colcon.colcon_core.shell INFO Creating prefix util module '/home/nour/ros2-mujoco-robotics-project/ms3/ros2_ws/install/_local_setup_util_sh.py'
[4.718s] colcon.colcon_core.shell INFO Creating prefix chain script '/home/nour/ros2-mujoco-robotics-project/ms3/ros2_ws/install/setup.sh'
[4.721s] colcon.colcon_core.shell INFO Creating prefix script '/home/nour/ros2-mujoco-robotics-project/ms3/ros2_ws/install/local_setup.bash'
[4.722s] colcon.colcon_core.shell INFO Creating prefix chain script '/home/nour/ros2-mujoco-robotics-project/ms3/ros2_ws/install/setup.bash'
[4.726s] colcon.colcon_core.shell INFO Creating prefix script '/home/nour/ros2-mujoco-robotics-project/ms3/ros2_ws/install/local_setup.zsh'
[4.728s] colcon.colcon_core.shell INFO Creating prefix chain script '/home/nour/ros2-mujoco-robotics-project/ms3/ros2_ws/install/setup.zsh'
