[0.334s] colcon DEBUG Command line arguments: ['/usr/bin/colcon', 'build', '--packages-select', 'robot_arm_description', '--cmake-args', '-DCMAKE_BUILD_TYPE=Release']
[0.334s] colcon DEBUG Parsed command line arguments: Namespace(log_base=None, log_level=None, verb_name='build', build_base='build', install_base='install', merge_install=False, symlink_install=False, test_result_base=None, continue_on_error=False, executor='parallel', parallel_workers=12, event_handlers=None, ignore_user_meta=False, metas=['./colcon.meta'], base_paths=['.'], packages_ignore=None, packages_ignore_regex=None, paths=None, packages_up_to=None, packages_up_to_regex=None, packages_above=None, packages_above_and_dependencies=None, packages_above_depth=None, packages_select_by_dep=None, packages_skip_by_dep=None, packages_skip_up_to=None, packages_select_build_failed=False, packages_skip_build_finished=False, packages_select_test_failures=False, packages_skip_test_passed=False, packages_select=['robot_arm_description'], packages_skip=None, packages_select_regex=None, packages_skip_regex=None, packages_start=None, packages_end=None, allow_overriding=[], cmake_args=['-DCMAKE_BUILD_TYPE=Release'], cmake_target=None, cmake_target_skip_unavailable=False, cmake_clean_cache=False, cmake_clean_first=False, cmake_force_configure=False, ament_cmake_args=None, catkin_cmake_args=None, catkin_skip_building_tests=False, verb_parser=<colcon_defaults.argument_parser.defaults.DefaultArgumentsDecorator object at 0x7d18546cbf50>, verb_extension=<colcon_core.verb.build.BuildVerb object at 0x7d185469fcb0>, main=<bound method BuildVerb.main of <colcon_core.verb.build.BuildVerb object at 0x7d185469fcb0>>)
[0.469s] colcon.colcon_core.package_discovery Level 1 discover_packages(colcon_meta) check parameters
[0.470s] colcon.colcon_core.package_discovery Level 1 discover_packages(recursive) check parameters
[0.470s] colcon.colcon_core.package_discovery Level 1 discover_packages(ignore) check parameters
[0.470s] colcon.colcon_core.package_discovery Level 1 discover_packages(path) check parameters
[0.470s] colcon.colcon_core.package_discovery Level 1 discover_packages(colcon_meta) discover
[0.470s] colcon.colcon_core.package_discovery Level 1 discover_packages(recursive) discover
[0.470s] colcon.colcon_core.package_discovery INFO Crawling recursively for packages in '/home/nour/ros2-mujoco-robotics-project/ms2/ros2_ws'
[0.471s] colcon.colcon_core.package_identification Level 1 _identify(.) by extensions ['ignore', 'ignore_ament_install']
[0.471s] colcon.colcon_core.package_identification Level 1 _identify(.) by extension 'ignore'
[0.471s] colcon.colcon_core.package_identification Level 1 _identify(.) by extension 'ignore_ament_install'
[0.472s] colcon.colcon_core.package_identification Level 1 _identify(.) by extensions ['colcon_pkg']
[0.472s] colcon.colcon_core.package_identification Level 1 _identify(.) by extension 'colcon_pkg'
[0.472s] colcon.colcon_core.package_identification Level 1 _identify(.) by extensions ['colcon_meta']
[0.472s] colcon.colcon_core.package_identification Level 1 _identify(.) by extension 'colcon_meta'
[0.472s] colcon.colcon_core.package_identification Level 1 _identify(.) by extensions ['ros']
[0.472s] colcon.colcon_core.package_identification Level 1 _identify(.) by extension 'ros'
[0.542s] colcon.colcon_core.package_identification Level 1 _identify(.) by extensions ['cmake', 'python']
[0.543s] colcon.colcon_core.package_identification Level 1 _identify(.) by extension 'cmake'
[0.543s] colcon.colcon_core.package_identification Level 1 _identify(.) by extension 'python'
[0.543s] colcon.colcon_core.package_identification Level 1 _identify(.) by extensions ['python_setup_py']
[0.543s] colcon.colcon_core.package_identification Level 1 _identify(.) by extension 'python_setup_py'
[0.544s] colcon.colcon_core.package_identification Level 1 _identify(build) by extensions ['ignore', 'ignore_ament_install']
[0.544s] colcon.colcon_core.package_identification Level 1 _identify(build) by extension 'ignore'
[0.544s] colcon.colcon_core.package_identification Level 1 _identify(build) ignored
[0.545s] colcon.colcon_core.package_identification Level 1 _identify(install) by extensions ['ignore', 'ignore_ament_install']
[0.545s] colcon.colcon_core.package_identification Level 1 _identify(install) by extension 'ignore'
[0.545s] colcon.colcon_core.package_identification Level 1 _identify(install) ignored
[0.546s] colcon.colcon_core.package_identification Level 1 _identify(log) by extensions ['ignore', 'ignore_ament_install']
[0.546s] colcon.colcon_core.package_identification Level 1 _identify(log) by extension 'ignore'
[0.546s] colcon.colcon_core.package_identification Level 1 _identify(log) ignored
[0.546s] colcon.colcon_core.package_identification Level 1 _identify(src) by extensions ['ignore', 'ignore_ament_install']
[0.547s] colcon.colcon_core.package_identification Level 1 _identify(src) by extension 'ignore'
[0.547s] colcon.colcon_core.package_identification Level 1 _identify(src) by extension 'ignore_ament_install'
[0.547s] colcon.colcon_core.package_identification Level 1 _identify(src) by extensions ['colcon_pkg']
[0.547s] colcon.colcon_core.package_identification Level 1 _identify(src) by extension 'colcon_pkg'
[0.548s] colcon.colcon_core.package_identification Level 1 _identify(src) by extensions ['colcon_meta']
[0.548s] colcon.colcon_core.package_identification Level 1 _identify(src) by extension 'colcon_meta'
[0.548s] colcon.colcon_core.package_identification Level 1 _identify(src) by extensions ['ros']
[0.548s] colcon.colcon_core.package_identification Level 1 _identify(src) by extension 'ros'
[0.548s] colcon.colcon_core.package_identification Level 1 _identify(src) by extensions ['cmake', 'python']
[0.549s] colcon.colcon_core.package_identification Level 1 _identify(src) by extension 'cmake'
[0.549s] colcon.colcon_core.package_identification Level 1 _identify(src) by extension 'python'
[0.549s] colcon.colcon_core.package_identification Level 1 _identify(src) by extensions ['python_setup_py']
[0.549s] colcon.colcon_core.package_identification Level 1 _identify(src) by extension 'python_setup_py'
[0.549s] colcon.colcon_core.package_identification Level 1 _identify(src/robot_arm_description) by extensions ['ignore', 'ignore_ament_install']
[0.550s] colcon.colcon_core.package_identification Level 1 _identify(src/robot_arm_description) by extension 'ignore'
[0.550s] colcon.colcon_core.package_identification Level 1 _identify(src/robot_arm_description) by extension 'ignore_ament_install'
[0.550s] colcon.colcon_core.package_identification Level 1 _identify(src/robot_arm_description) by extensions ['colcon_pkg']
[0.550s] colcon.colcon_core.package_identification Level 1 _identify(src/robot_arm_description) by extension 'colcon_pkg'
[0.551s] colcon.colcon_core.package_identification Level 1 _identify(src/robot_arm_description) by extensions ['colcon_meta']
[0.551s] colcon.colcon_core.package_identification Level 1 _identify(src/robot_arm_description) by extension 'colcon_meta'
[0.551s] colcon.colcon_core.package_identification Level 1 _identify(src/robot_arm_description) by extensions ['ros']
[0.551s] colcon.colcon_core.package_identification Level 1 _identify(src/robot_arm_description) by extension 'ros'
[0.557s] colcon.colcon_core.package_identification DEBUG Package 'src/robot_arm_description' with type 'ros.ament_cmake' and name 'robot_arm_description'
[0.558s] colcon.colcon_core.package_discovery Level 1 discover_packages(recursive) using defaults
[0.558s] colcon.colcon_core.package_discovery Level 1 discover_packages(ignore) discover
[0.558s] colcon.colcon_core.package_discovery Level 1 discover_packages(ignore) using defaults
[0.558s] colcon.colcon_core.package_discovery Level 1 discover_packages(path) discover
[0.558s] colcon.colcon_core.package_discovery Level 1 discover_packages(path) using defaults
[0.598s] colcon.colcon_core.package_discovery Level 1 discover_packages(prefix_path) check parameters
[0.599s] colcon.colcon_core.package_discovery Level 1 discover_packages(prefix_path) discover
[0.611s] colcon.colcon_installed_package_information.package_discovery DEBUG Found 288 installed packages in /opt/ros/jazzy
[0.614s] colcon.colcon_core.package_discovery Level 1 discover_packages(prefix_path) using defaults
[0.758s] colcon.colcon_core.verb Level 5 set package 'robot_arm_description' build argument 'cmake_args' from command line to '['-DCMAKE_BUILD_TYPE=Release']'
[0.759s] colcon.colcon_core.verb Level 5 set package 'robot_arm_description' build argument 'cmake_target' from command line to 'None'
[0.759s] colcon.colcon_core.verb Level 5 set package 'robot_arm_description' build argument 'cmake_target_skip_unavailable' from command line to 'False'
[0.759s] colcon.colcon_core.verb Level 5 set package 'robot_arm_description' build argument 'cmake_clean_cache' from command line to 'False'
[0.759s] colcon.colcon_core.verb Level 5 set package 'robot_arm_description' build argument 'cmake_clean_first' from command line to 'False'
[0.759s] colcon.colcon_core.verb Level 5 set package 'robot_arm_description' build argument 'cmake_force_configure' from command line to 'False'
[0.759s] colcon.colcon_core.verb Level 5 set package 'robot_arm_description' build argument 'ament_cmake_args' from command line to 'None'
[0.759s] colcon.colcon_core.verb Level 5 set package 'robot_arm_description' build argument 'catkin_cmake_args' from command line to 'None'
[0.759s] colcon.colcon_core.verb Level 5 set package 'robot_arm_description' build argument 'catkin_skip_building_tests' from command line to 'False'
[0.760s] colcon.colcon_core.verb DEBUG Building package 'robot_arm_description' with the following arguments: {'ament_cmake_args': None, 'build_base': '/home/nour/ros2-mujoco-robotics-project/ms2/ros2_ws/build/robot_arm_description', 'catkin_cmake_args': None, 'catkin_skip_building_tests': False, 'cmake_args': ['-DCMAKE_BUILD_TYPE=Release'], 'cmake_clean_cache': False, 'cmake_clean_first': False, 'cmake_force_configure': False, 'cmake_target': None, 'cmake_target_skip_unavailable': False, 'install_base': '/home/nour/ros2-mujoco-robotics-project/ms2/ros2_ws/install/robot_arm_description', 'merge_install': False, 'path': '/home/nour/ros2-mujoco-robotics-project/ms2/ros2_ws/src/robot_arm_description', 'symlink_install': False, 'test_result_base': None}
[0.760s] colcon.colcon_core.executor INFO Executing jobs using 'parallel' executor
[0.762s] colcon.colcon_parallel_executor.executor.parallel DEBUG run_until_complete
[0.763s] colcon.colcon_ros.task.ament_cmake.build INFO Building ROS package in '/home/nour/ros2-mujoco-robotics-project/ms2/ros2_ws/src/robot_arm_description' with build type 'ament_cmake'
[0.763s] colcon.colcon_cmake.task.cmake.build INFO Building CMake package in '/home/nour/ros2-mujoco-robotics-project/ms2/ros2_ws/src/robot_arm_description'
[0.768s] colcon.colcon_core.plugin_system INFO Skipping extension 'colcon_core.shell.bat': Not used on non-Windows systems
[0.769s] colcon.colcon_core.shell INFO Skip shell extension 'powershell' for command environment: Not usable outside of PowerShell
[0.769s] colcon.colcon_core.shell DEBUG Skip shell extension 'dsv' for command environment
[0.789s] colcon.colcon_core.event_handler.log_command DEBUG Invoking command in '/home/nour/ros2-mujoco-robotics-project/ms2/ros2_ws/build/robot_arm_description': CMAKE_PREFIX_PATH=${CMAKE_PREFIX_PATH}:/opt/ros/jazzy CONDA_PROMPT_MODIFIER=(base) /usr/bin/cmake --build /home/nour/ros2-mujoco-robotics-project/ms2/ros2_ws/build/robot_arm_description -- -j12 -l12
[0.887s] colcon.colcon_core.event_handler.log_command DEBUG Invoked command in '/home/nour/ros2-mujoco-robotics-project/ms2/ros2_ws/build/robot_arm_description' returned '0': CMAKE_PREFIX_PATH=${CMAKE_PREFIX_PATH}:/opt/ros/jazzy CONDA_PROMPT_MODIFIER=(base) /usr/bin/cmake --build /home/nour/ros2-mujoco-robotics-project/ms2/ros2_ws/build/robot_arm_description -- -j12 -l12
[0.916s] colcon.colcon_core.event_handler.log_command DEBUG Invoking command in '/home/nour/ros2-mujoco-robotics-project/ms2/ros2_ws/build/robot_arm_description': CMAKE_PREFIX_PATH=${CMAKE_PREFIX_PATH}:/opt/ros/jazzy CONDA_PROMPT_MODIFIER=(base) /usr/bin/cmake --install /home/nour/ros2-mujoco-robotics-project/ms2/ros2_ws/build/robot_arm_description
[0.944s] colcon.colcon_core.environment Level 1 create_environment_scripts_only(robot_arm_description)
[0.947s] colcon.colcon_core.event_handler.log_command DEBUG Invoked command in '/home/nour/ros2-mujoco-robotics-project/ms2/ros2_ws/build/robot_arm_description' returned '0': CMAKE_PREFIX_PATH=${CMAKE_PREFIX_PATH}:/opt/ros/jazzy CONDA_PROMPT_MODIFIER=(base) /usr/bin/cmake --install /home/nour/ros2-mujoco-robotics-project/ms2/ros2_ws/build/robot_arm_description
[0.953s] colcon.colcon_core.environment Level 1 checking '/home/nour/ros2-mujoco-robotics-project/ms2/ros2_ws/install/robot_arm_description' for CMake module files
[0.954s] colcon.colcon_core.environment Level 1 checking '/home/nour/ros2-mujoco-robotics-project/ms2/ros2_ws/install/robot_arm_description' for CMake config files
[0.955s] colcon.colcon_core.shell Level 1 create_environment_hook('robot_arm_description', 'cmake_prefix_path')
[0.955s] colcon.colcon_core.shell INFO Creating environment hook '/home/nour/ros2-mujoco-robotics-project/ms2/ros2_ws/install/robot_arm_description/share/robot_arm_description/hook/cmake_prefix_path.ps1'
[0.957s] colcon.colcon_core.shell INFO Creating environment descriptor '/home/nour/ros2-mujoco-robotics-project/ms2/ros2_ws/install/robot_arm_description/share/robot_arm_description/hook/cmake_prefix_path.dsv'
[0.958s] colcon.colcon_core.shell INFO Creating environment hook '/home/nour/ros2-mujoco-robotics-project/ms2/ros2_ws/install/robot_arm_description/share/robot_arm_description/hook/cmake_prefix_path.sh'
[0.960s] colcon.colcon_core.environment Level 1 checking '/home/nour/ros2-mujoco-robotics-project/ms2/ros2_ws/install/robot_arm_description/bin'
[0.960s] colcon.colcon_core.environment Level 1 checking '/home/nour/ros2-mujoco-robotics-project/ms2/ros2_ws/install/robot_arm_description/lib/pkgconfig/robot_arm_description.pc'
[0.961s] colcon.colcon_core.environment Level 1 checking '/home/nour/ros2-mujoco-robotics-project/ms2/ros2_ws/install/robot_arm_description/lib/python3.12/site-packages'
[0.962s] colcon.colcon_core.environment Level 1 checking '/home/nour/ros2-mujoco-robotics-project/ms2/ros2_ws/install/robot_arm_description/bin'
[0.962s] colcon.colcon_core.shell INFO Creating package script '/home/nour/ros2-mujoco-robotics-project/ms2/ros2_ws/install/robot_arm_description/share/robot_arm_description/package.ps1'
[0.965s] colcon.colcon_core.shell INFO Creating package descriptor '/home/nour/ros2-mujoco-robotics-project/ms2/ros2_ws/install/robot_arm_description/share/robot_arm_description/package.dsv'
[0.966s] colcon.colcon_core.shell INFO Creating package script '/home/nour/ros2-mujoco-robotics-project/ms2/ros2_ws/install/robot_arm_description/share/robot_arm_description/package.sh'
[0.968s] colcon.colcon_core.shell INFO Creating package script '/home/nour/ros2-mujoco-robotics-project/ms2/ros2_ws/install/robot_arm_description/share/robot_arm_description/package.bash'
[0.970s] colcon.colcon_core.shell INFO Creating package script '/home/nour/ros2-mujoco-robotics-project/ms2/ros2_ws/install/robot_arm_description/share/robot_arm_description/package.zsh'
[0.971s] colcon.colcon_core.environment Level 1 create_file_with_runtime_dependencies(/home/nour/ros2-mujoco-robotics-project/ms2/ros2_ws/install/robot_arm_description/share/colcon-core/packages/robot_arm_description)
[0.973s] colcon.colcon_core.environment Level 1 create_environment_scripts_only(robot_arm_description)
[0.973s] colcon.colcon_core.environment Level 1 checking '/home/nour/ros2-mujoco-robotics-project/ms2/ros2_ws/install/robot_arm_description' for CMake module files
[0.975s] colcon.colcon_core.environment Level 1 checking '/home/nour/ros2-mujoco-robotics-project/ms2/ros2_ws/install/robot_arm_description' for CMake config files
[0.975s] colcon.colcon_core.shell Level 1 create_environment_hook('robot_arm_description', 'cmake_prefix_path')
[0.976s] colcon.colcon_core.shell INFO Creating environment hook '/home/nour/ros2-mujoco-robotics-project/ms2/ros2_ws/install/robot_arm_description/share/robot_arm_description/hook/cmake_prefix_path.ps1'
[0.977s] colcon.colcon_core.shell INFO Creating environment descriptor '/home/nour/ros2-mujoco-robotics-project/ms2/ros2_ws/install/robot_arm_description/share/robot_arm_description/hook/cmake_prefix_path.dsv'
[0.977s] colcon.colcon_core.shell INFO Creating environment hook '/home/nour/ros2-mujoco-robotics-project/ms2/ros2_ws/install/robot_arm_description/share/robot_arm_description/hook/cmake_prefix_path.sh'
[0.979s] colcon.colcon_core.environment Level 1 checking '/home/nour/ros2-mujoco-robotics-project/ms2/ros2_ws/install/robot_arm_description/bin'
[0.979s] colcon.colcon_core.environment Level 1 checking '/home/nour/ros2-mujoco-robotics-project/ms2/ros2_ws/install/robot_arm_description/lib/pkgconfig/robot_arm_description.pc'
[0.980s] colcon.colcon_core.environment Level 1 checking '/home/nour/ros2-mujoco-robotics-project/ms2/ros2_ws/install/robot_arm_description/lib/python3.12/site-packages'
[0.981s] colcon.colcon_core.environment Level 1 checking '/home/nour/ros2-mujoco-robotics-project/ms2/ros2_ws/install/robot_arm_description/bin'
[0.982s] colcon.colcon_core.shell INFO Creating package script '/home/nour/ros2-mujoco-robotics-project/ms2/ros2_ws/install/robot_arm_description/share/robot_arm_description/package.ps1'
[0.988s] colcon.colcon_core.shell INFO Creating package descriptor '/home/nour/ros2-mujoco-robotics-project/ms2/ros2_ws/install/robot_arm_description/share/robot_arm_description/package.dsv'
[0.989s] colcon.colcon_core.shell INFO Creating package script '/home/nour/ros2-mujoco-robotics-project/ms2/ros2_ws/install/robot_arm_description/share/robot_arm_description/package.sh'
[0.990s] colcon.colcon_core.shell INFO Creating package script '/home/nour/ros2-mujoco-robotics-project/ms2/ros2_ws/install/robot_arm_description/share/robot_arm_description/package.bash'
[0.991s] colcon.colcon_core.shell INFO Creating package script '/home/nour/ros2-mujoco-robotics-project/ms2/ros2_ws/install/robot_arm_description/share/robot_arm_description/package.zsh'
[0.992s] colcon.colcon_core.environment Level 1 create_file_with_runtime_dependencies(/home/nour/ros2-mujoco-robotics-project/ms2/ros2_ws/install/robot_arm_description/share/colcon-core/packages/robot_arm_description)
[0.993s] colcon.colcon_parallel_executor.executor.parallel DEBUG closing loop
[0.994s] colcon.colcon_parallel_executor.executor.parallel DEBUG loop closed
[0.994s] colcon.colcon_parallel_executor.executor.parallel DEBUG run_until_complete finished with '0'
[0.994s] colcon.colcon_core.event_reactor DEBUG joining thread
[1.007s] colcon.colcon_core.plugin_system INFO Skipping extension 'colcon_notification.desktop_notification.terminal_notifier': Not used on non-Darwin systems
[1.007s] colcon.colcon_core.plugin_system INFO Skipping extension 'colcon_notification.desktop_notification.win32': Not used on non-Windows systems
[1.007s] colcon.colcon_notification.desktop_notification INFO Sending desktop notification using 'notify2'
[1.015s] colcon.colcon_core.event_reactor DEBUG joined thread
[1.016s] colcon.colcon_core.shell INFO Creating prefix script '/home/nour/ros2-mujoco-robotics-project/ms2/ros2_ws/install/local_setup.ps1'
[1.019s] colcon.colcon_core.shell INFO Creating prefix util module '/home/nour/ros2-mujoco-robotics-project/ms2/ros2_ws/install/_local_setup_util_ps1.py'
[1.022s] colcon.colcon_core.shell INFO Creating prefix chain script '/home/nour/ros2-mujoco-robotics-project/ms2/ros2_ws/install/setup.ps1'
[1.024s] colcon.colcon_core.shell INFO Creating prefix script '/home/nour/ros2-mujoco-robotics-project/ms2/ros2_ws/install/local_setup.sh'
[1.026s] colcon.colcon_core.shell INFO Creating prefix util module '/home/nour/ros2-mujoco-robotics-project/ms2/ros2_ws/install/_local_setup_util_sh.py'
[1.029s] colcon.colcon_core.shell INFO Creating prefix chain script '/home/nour/ros2-mujoco-robotics-project/ms2/ros2_ws/install/setup.sh'
[1.031s] colcon.colcon_core.shell INFO Creating prefix script '/home/nour/ros2-mujoco-robotics-project/ms2/ros2_ws/install/local_setup.bash'
[1.032s] colcon.colcon_core.shell INFO Creating prefix chain script '/home/nour/ros2-mujoco-robotics-project/ms2/ros2_ws/install/setup.bash'
[1.035s] colcon.colcon_core.shell INFO Creating prefix script '/home/nour/ros2-mujoco-robotics-project/ms2/ros2_ws/install/local_setup.zsh'
[1.036s] colcon.colcon_core.shell INFO Creating prefix chain script '/home/nour/ros2-mujoco-robotics-project/ms2/ros2_ws/install/setup.zsh'
