running egg_info
writing ../../build/robot_arm_kinematics/robot_arm_kinematics.egg-info/PKG-INFO
writing dependency_links to ../../build/robot_arm_kinematics/robot_arm_kinematics.egg-info/dependency_links.txt
writing entry points to ../../build/robot_arm_kinematics/robot_arm_kinematics.egg-info/entry_points.txt
writing requirements to ../../build/robot_arm_kinematics/robot_arm_kinematics.egg-info/requires.txt
writing top-level names to ../../build/robot_arm_kinematics/robot_arm_kinematics.egg-info/top_level.txt
reading manifest file '../../build/robot_arm_kinematics/robot_arm_kinematics.egg-info/SOURCES.txt'
writing manifest file '../../build/robot_arm_kinematics/robot_arm_kinematics.egg-info/SOURCES.txt'
running build
running build_py
running install
running install_lib
running install_data
running install_egg_info
removing '/home/nour/ros2-mujoco-robotics-project/ms3/ros2_ws/install/robot_arm_kinematics/lib/python3.12/site-packages/robot_arm_kinematics-0.0.1-py3.12.egg-info' (and everything under it)
Copying ../../build/robot_arm_kinematics/robot_arm_kinematics.egg-info to /home/nour/ros2-mujoco-robotics-project/ms3/ros2_ws/install/robot_arm_kinematics/lib/python3.12/site-packages/robot_arm_kinematics-0.0.1-py3.12.egg-info
running install_scripts
Installing forward_kinematics_node script to /home/nour/ros2-mujoco-robotics-project/ms3/ros2_ws/install/robot_arm_kinematics/lib/robot_arm_kinematics
Installing inverse_kinematics_node script to /home/nour/ros2-mujoco-robotics-project/ms3/ros2_ws/install/robot_arm_kinematics/lib/robot_arm_kinematics
Installing trajectory_planner_node script to /home/nour/ros2-mujoco-robotics-project/ms3/ros2_ws/install/robot_arm_kinematics/lib/robot_arm_kinematics
writing list of installed files to '/home/nour/ros2-mujoco-robotics-project/ms3/ros2_ws/build/robot_arm_kinematics/install.log'
