[0.025s] Invoking command in '/home/nour/ros2-mujoco-robotics-project/ms2/ros2_ws/build/robot_arm_description': CMAKE_PREFIX_PATH=${CMAKE_PREFIX_PATH}:/opt/ros/jazzy CONDA_PROMPT_MODIFIER=(base) /usr/bin/cmake --build /home/nour/ros2-mujoco-robotics-project/ms2/ros2_ws/build/robot_arm_description -- -j12 -l12
[0.122s] Invoked command in '/home/nour/ros2-mujoco-robotics-project/ms2/ros2_ws/build/robot_arm_description' returned '0': CMAKE_PREFIX_PATH=${CMAKE_PREFIX_PATH}:/opt/ros/jazzy CONDA_PROMPT_MODIFIER=(base) /usr/bin/cmake --build /home/nour/ros2-mujoco-robotics-project/ms2/ros2_ws/build/robot_arm_description -- -j12 -l12
[0.150s] Invoking command in '/home/nour/ros2-mujoco-robotics-project/ms2/ros2_ws/build/robot_arm_description': CMAKE_PREFIX_PATH=${CMAKE_PREFIX_PATH}:/opt/ros/jazzy CONDA_PROMPT_MODIFIER=(base) /usr/bin/cmake --install /home/nour/ros2-mujoco-robotics-project/ms2/ros2_ws/build/robot_arm_description
[0.173s] -- Install configuration: "Release"
[0.174s] -- Up-to-date: /home/nour/ros2-mujoco-robotics-project/ms2/ros2_ws/install/robot_arm_description/share/robot_arm_description/urdf
[0.175s] -- Up-to-date: /home/nour/ros2-mujoco-robotics-project/ms2/ros2_ws/install/robot_arm_description/share/robot_arm_description/urdf/robot_arm.urdf.xacro
[0.176s] -- Up-to-date: /home/nour/ros2-mujoco-robotics-project/ms2/ros2_ws/install/robot_arm_description/share/robot_arm_description/meshes
[0.176s] -- Up-to-date: /home/nour/ros2-mujoco-robotics-project/ms2/ros2_ws/install/robot_arm_description/share/robot_arm_description/launch
[0.176s] -- Up-to-date: /home/nour/ros2-mujoco-robotics-project/ms2/ros2_ws/install/robot_arm_description/share/robot_arm_description/launch/display.launch.py
[0.176s] -- Up-to-date: /home/nour/ros2-mujoco-robotics-project/ms2/ros2_ws/install/robot_arm_description/share/robot_arm_description/launch/motion.launch.py
[0.176s] -- Up-to-date: /home/nour/ros2-mujoco-robotics-project/ms2/ros2_ws/install/robot_arm_description/share/robot_arm_description/rviz
[0.177s] -- Up-to-date: /home/nour/ros2-mujoco-robotics-project/ms2/ros2_ws/install/robot_arm_description/share/robot_arm_description/rviz/display.rviz
[0.177s] -- Up-to-date: /home/nour/ros2-mujoco-robotics-project/ms2/ros2_ws/install/robot_arm_description/share/robot_arm_description/rviz/motion.rviz
[0.177s] -- Up-to-date: /home/nour/ros2-mujoco-robotics-project/ms2/ros2_ws/install/robot_arm_description/share/robot_arm_description/config
[0.177s] -- Up-to-date: /home/nour/ros2-mujoco-robotics-project/ms2/ros2_ws/install/robot_arm_description/share/ament_index/resource_index/package_run_dependencies/robot_arm_description
[0.177s] -- Up-to-date: /home/nour/ros2-mujoco-robotics-project/ms2/ros2_ws/install/robot_arm_description/share/ament_index/resource_index/parent_prefix_path/robot_arm_description
[0.178s] -- Up-to-date: /home/nour/ros2-mujoco-robotics-project/ms2/ros2_ws/install/robot_arm_description/share/robot_arm_description/environment/ament_prefix_path.sh
[0.178s] -- Up-to-date: /home/nour/ros2-mujoco-robotics-project/ms2/ros2_ws/install/robot_arm_description/share/robot_arm_description/environment/ament_prefix_path.dsv
[0.178s] -- Up-to-date: /home/nour/ros2-mujoco-robotics-project/ms2/ros2_ws/install/robot_arm_description/share/robot_arm_description/environment/path.sh
[0.178s] -- Up-to-date: /home/nour/ros2-mujoco-robotics-project/ms2/ros2_ws/install/robot_arm_description/share/robot_arm_description/environment/path.dsv
[0.179s] -- Up-to-date: /home/nour/ros2-mujoco-robotics-project/ms2/ros2_ws/install/robot_arm_description/share/robot_arm_description/local_setup.bash
[0.179s] -- Up-to-date: /home/nour/ros2-mujoco-robotics-project/ms2/ros2_ws/install/robot_arm_description/share/robot_arm_description/local_setup.sh
[0.180s] -- Up-to-date: /home/nour/ros2-mujoco-robotics-project/ms2/ros2_ws/install/robot_arm_description/share/robot_arm_description/local_setup.zsh
[0.180s] -- Up-to-date: /home/nour/ros2-mujoco-robotics-project/ms2/ros2_ws/install/robot_arm_description/share/robot_arm_description/local_setup.dsv
[0.181s] -- Installing: /home/nour/ros2-mujoco-robotics-project/ms2/ros2_ws/install/robot_arm_description/share/robot_arm_description/package.dsv
[0.181s] -- Up-to-date: /home/nour/ros2-mujoco-robotics-project/ms2/ros2_ws/install/robot_arm_description/share/ament_index/resource_index/packages/robot_arm_description
[0.182s] -- Up-to-date: /home/nour/ros2-mujoco-robotics-project/ms2/ros2_ws/install/robot_arm_description/share/robot_arm_description/cmake/robot_arm_descriptionConfig.cmake
[0.182s] -- Up-to-date: /home/nour/ros2-mujoco-robotics-project/ms2/ros2_ws/install/robot_arm_description/share/robot_arm_description/cmake/robot_arm_descriptionConfig-version.cmake
[0.182s] -- Up-to-date: /home/nour/ros2-mujoco-robotics-project/ms2/ros2_ws/install/robot_arm_description/share/robot_arm_description/package.xml
[0.183s] Invoked command in '/home/nour/ros2-mujoco-robotics-project/ms2/ros2_ws/build/robot_arm_description' returned '0': CMAKE_PREFIX_PATH=${CMAKE_PREFIX_PATH}:/opt/ros/jazzy CONDA_PROMPT_MODIFIER=(base) /usr/bin/cmake --install /home/nour/ros2-mujoco-robotics-project/ms2/ros2_ws/build/robot_arm_description
