[2.727s] Invoking command in '/home/nour/ros2-mujoco-robotics-project/ms3/ros2_ws/build/robot_arm_kinematics': CONDA_PROMPT_MODIFIER=(base) PYTHONPATH=/home/nour/ros2-mujoco-robotics-project/ms3/ros2_ws/build/robot_arm_kinematics/prefix_override:/usr/lib/python3/dist-packages/colcon_core/task/python/colcon_distutils_commands:/home/nour/ros2-mujoco-robotics-project/ms3/ros2_ws/install/robot_arm_kinematics/lib/python3.12/site-packages:${PYTHONPATH} /usr/bin/python3 -W ignore:setup.py install is deprecated -W ignore:easy_install command is deprecated setup.py develop --uninstall --editable --build-directory /home/nour/ros2-mujoco-robotics-project/ms3/ros2_ws/build/robot_arm_kinematics/build
[3.689s] running develop
[4.465s] Removing /home/nour/ros2-mujoco-robotics-project/ms3/ros2_ws/install/robot_arm_kinematics/lib/python3.12/site-packages/robot-arm-kinematics.egg-link (link to .)
[4.570s] Invoked command in '/home/nour/ros2-mujoco-robotics-project/ms3/ros2_ws/build/robot_arm_kinematics' returned '0': CONDA_PROMPT_MODIFIER=(base) PYTHONPATH=/home/nour/ros2-mujoco-robotics-project/ms3/ros2_ws/build/robot_arm_kinematics/prefix_override:/usr/lib/python3/dist-packages/colcon_core/task/python/colcon_distutils_commands:/home/nour/ros2-mujoco-robotics-project/ms3/ros2_ws/install/robot_arm_kinematics/lib/python3.12/site-packages:${PYTHONPATH} /usr/bin/python3 -W ignore:setup.py install is deprecated -W ignore:easy_install command is deprecated setup.py develop --uninstall --editable --build-directory /home/nour/ros2-mujoco-robotics-project/ms3/ros2_ws/build/robot_arm_kinematics/build
[4.574s] Invoking command in '/home/nour/ros2-mujoco-robotics-project/ms3/ros2_ws/src/robot_arm_kinematics': CONDA_PROMPT_MODIFIER=(base) PYTHONPATH=/home/nour/ros2-mujoco-robotics-project/ms3/ros2_ws/build/robot_arm_kinematics/prefix_override:/usr/lib/python3/dist-packages/colcon_core/task/python/colcon_distutils_commands:/home/nour/ros2-mujoco-robotics-project/ms3/ros2_ws/install/robot_arm_kinematics/lib/python3.12/site-packages:${PYTHONPATH} /usr/bin/python3 -W ignore:setup.py install is deprecated -W ignore:easy_install command is deprecated setup.py egg_info --egg-base ../../build/robot_arm_kinematics build --build-base /home/nour/ros2-mujoco-robotics-project/ms3/ros2_ws/build/robot_arm_kinematics/build install --record /home/nour/ros2-mujoco-robotics-project/ms3/ros2_ws/build/robot_arm_kinematics/install.log --single-version-externally-managed install_data --force
[5.543s] running egg_info
[5.616s] writing ../../build/robot_arm_kinematics/robot_arm_kinematics.egg-info/PKG-INFO
[5.617s] writing dependency_links to ../../build/robot_arm_kinematics/robot_arm_kinematics.egg-info/dependency_links.txt
[5.618s] writing entry points to ../../build/robot_arm_kinematics/robot_arm_kinematics.egg-info/entry_points.txt
[5.619s] writing requirements to ../../build/robot_arm_kinematics/robot_arm_kinematics.egg-info/requires.txt
[5.619s] writing top-level names to ../../build/robot_arm_kinematics/robot_arm_kinematics.egg-info/top_level.txt
[5.772s] reading manifest file '../../build/robot_arm_kinematics/robot_arm_kinematics.egg-info/SOURCES.txt'
[5.775s] writing manifest file '../../build/robot_arm_kinematics/robot_arm_kinematics.egg-info/SOURCES.txt'
[5.775s] running build
[5.776s] running build_py
[5.776s] creating /home/nour/ros2-mujoco-robotics-project/ms3/ros2_ws/build/robot_arm_kinematics/build
[5.777s] creating /home/nour/ros2-mujoco-robotics-project/ms3/ros2_ws/build/robot_arm_kinematics/build/lib
[5.777s] creating /home/nour/ros2-mujoco-robotics-project/ms3/ros2_ws/build/robot_arm_kinematics/build/lib/robot_arm_kinematics
[5.777s] copying robot_arm_kinematics/forward_kinematics.py -> /home/nour/ros2-mujoco-robotics-project/ms3/ros2_ws/build/robot_arm_kinematics/build/lib/robot_arm_kinematics
[5.778s] copying robot_arm_kinematics/advanced_trajectory.py -> /home/nour/ros2-mujoco-robotics-project/ms3/ros2_ws/build/robot_arm_kinematics/build/lib/robot_arm_kinematics
[5.778s] copying robot_arm_kinematics/inverse_kinematics.py -> /home/nour/ros2-mujoco-robotics-project/ms3/ros2_ws/build/robot_arm_kinematics/build/lib/robot_arm_kinematics
[5.778s] copying robot_arm_kinematics/forward_kinematics_node.py -> /home/nour/ros2-mujoco-robotics-project/ms3/ros2_ws/build/robot_arm_kinematics/build/lib/robot_arm_kinematics
[5.779s] copying robot_arm_kinematics/inverse_kinematics_node.py -> /home/nour/ros2-mujoco-robotics-project/ms3/ros2_ws/build/robot_arm_kinematics/build/lib/robot_arm_kinematics
[5.779s] copying robot_arm_kinematics/controllers.py -> /home/nour/ros2-mujoco-robotics-project/ms3/ros2_ws/build/robot_arm_kinematics/build/lib/robot_arm_kinematics
[5.780s] copying robot_arm_kinematics/__init__.py -> /home/nour/ros2-mujoco-robotics-project/ms3/ros2_ws/build/robot_arm_kinematics/build/lib/robot_arm_kinematics
[5.780s] copying robot_arm_kinematics/trajectory_planner_node.py -> /home/nour/ros2-mujoco-robotics-project/ms3/ros2_ws/build/robot_arm_kinematics/build/lib/robot_arm_kinematics
[5.781s] copying robot_arm_kinematics/trajectory_planner.py -> /home/nour/ros2-mujoco-robotics-project/ms3/ros2_ws/build/robot_arm_kinematics/build/lib/robot_arm_kinematics
[5.781s] copying robot_arm_kinematics/velocity_kinematics.py -> /home/nour/ros2-mujoco-robotics-project/ms3/ros2_ws/build/robot_arm_kinematics/build/lib/robot_arm_kinematics
[5.782s] copying robot_arm_kinematics/acceleration_kinematics.py -> /home/nour/ros2-mujoco-robotics-project/ms3/ros2_ws/build/robot_arm_kinematics/build/lib/robot_arm_kinematics
[5.782s] running install
[5.801s] running install_lib
[5.867s] creating /home/nour/ros2-mujoco-robotics-project/ms3/ros2_ws/install/robot_arm_kinematics/lib/python3.12/site-packages/robot_arm_kinematics
[5.867s] copying /home/nour/ros2-mujoco-robotics-project/ms3/ros2_ws/build/robot_arm_kinematics/build/lib/robot_arm_kinematics/forward_kinematics.py -> /home/nour/ros2-mujoco-robotics-project/ms3/ros2_ws/install/robot_arm_kinematics/lib/python3.12/site-packages/robot_arm_kinematics
[5.868s] copying /home/nour/ros2-mujoco-robotics-project/ms3/ros2_ws/build/robot_arm_kinematics/build/lib/robot_arm_kinematics/advanced_trajectory.py -> /home/nour/ros2-mujoco-robotics-project/ms3/ros2_ws/install/robot_arm_kinematics/lib/python3.12/site-packages/robot_arm_kinematics
[5.868s] copying /home/nour/ros2-mujoco-robotics-project/ms3/ros2_ws/build/robot_arm_kinematics/build/lib/robot_arm_kinematics/inverse_kinematics.py -> /home/nour/ros2-mujoco-robotics-project/ms3/ros2_ws/install/robot_arm_kinematics/lib/python3.12/site-packages/robot_arm_kinematics
[5.869s] copying /home/nour/ros2-mujoco-robotics-project/ms3/ros2_ws/build/robot_arm_kinematics/build/lib/robot_arm_kinematics/forward_kinematics_node.py -> /home/nour/ros2-mujoco-robotics-project/ms3/ros2_ws/install/robot_arm_kinematics/lib/python3.12/site-packages/robot_arm_kinematics
[5.869s] copying /home/nour/ros2-mujoco-robotics-project/ms3/ros2_ws/build/robot_arm_kinematics/build/lib/robot_arm_kinematics/inverse_kinematics_node.py -> /home/nour/ros2-mujoco-robotics-project/ms3/ros2_ws/install/robot_arm_kinematics/lib/python3.12/site-packages/robot_arm_kinematics
[5.869s] copying /home/nour/ros2-mujoco-robotics-project/ms3/ros2_ws/build/robot_arm_kinematics/build/lib/robot_arm_kinematics/controllers.py -> /home/nour/ros2-mujoco-robotics-project/ms3/ros2_ws/install/robot_arm_kinematics/lib/python3.12/site-packages/robot_arm_kinematics
[5.870s] copying /home/nour/ros2-mujoco-robotics-project/ms3/ros2_ws/build/robot_arm_kinematics/build/lib/robot_arm_kinematics/__init__.py -> /home/nour/ros2-mujoco-robotics-project/ms3/ros2_ws/install/robot_arm_kinematics/lib/python3.12/site-packages/robot_arm_kinematics
[5.870s] copying /home/nour/ros2-mujoco-robotics-project/ms3/ros2_ws/build/robot_arm_kinematics/build/lib/robot_arm_kinematics/trajectory_planner_node.py -> /home/nour/ros2-mujoco-robotics-project/ms3/ros2_ws/install/robot_arm_kinematics/lib/python3.12/site-packages/robot_arm_kinematics
[5.871s] copying /home/nour/ros2-mujoco-robotics-project/ms3/ros2_ws/build/robot_arm_kinematics/build/lib/robot_arm_kinematics/trajectory_planner.py -> /home/nour/ros2-mujoco-robotics-project/ms3/ros2_ws/install/robot_arm_kinematics/lib/python3.12/site-packages/robot_arm_kinematics
[5.871s] copying /home/nour/ros2-mujoco-robotics-project/ms3/ros2_ws/build/robot_arm_kinematics/build/lib/robot_arm_kinematics/velocity_kinematics.py -> /home/nour/ros2-mujoco-robotics-project/ms3/ros2_ws/install/robot_arm_kinematics/lib/python3.12/site-packages/robot_arm_kinematics
[5.871s] copying /home/nour/ros2-mujoco-robotics-project/ms3/ros2_ws/build/robot_arm_kinematics/build/lib/robot_arm_kinematics/acceleration_kinematics.py -> /home/nour/ros2-mujoco-robotics-project/ms3/ros2_ws/install/robot_arm_kinematics/lib/python3.12/site-packages/robot_arm_kinematics
[5.873s] byte-compiling /home/nour/ros2-mujoco-robotics-project/ms3/ros2_ws/install/robot_arm_kinematics/lib/python3.12/site-packages/robot_arm_kinematics/forward_kinematics.py to forward_kinematics.cpython-312.pyc
[5.877s] byte-compiling /home/nour/ros2-mujoco-robotics-project/ms3/ros2_ws/install/robot_arm_kinematics/lib/python3.12/site-packages/robot_arm_kinematics/advanced_trajectory.py to advanced_trajectory.cpython-312.pyc
[5.883s] byte-compiling /home/nour/ros2-mujoco-robotics-project/ms3/ros2_ws/install/robot_arm_kinematics/lib/python3.12/site-packages/robot_arm_kinematics/inverse_kinematics.py to inverse_kinematics.cpython-312.pyc
[5.887s] byte-compiling /home/nour/ros2-mujoco-robotics-project/ms3/ros2_ws/install/robot_arm_kinematics/lib/python3.12/site-packages/robot_arm_kinematics/forward_kinematics_node.py to forward_kinematics_node.cpython-312.pyc
[5.889s] byte-compiling /home/nour/ros2-mujoco-robotics-project/ms3/ros2_ws/install/robot_arm_kinematics/lib/python3.12/site-packages/robot_arm_kinematics/inverse_kinematics_node.py to inverse_kinematics_node.cpython-312.pyc
[5.891s] byte-compiling /home/nour/ros2-mujoco-robotics-project/ms3/ros2_ws/install/robot_arm_kinematics/lib/python3.12/site-packages/robot_arm_kinematics/controllers.py to controllers.cpython-312.pyc
[5.895s] byte-compiling /home/nour/ros2-mujoco-robotics-project/ms3/ros2_ws/install/robot_arm_kinematics/lib/python3.12/site-packages/robot_arm_kinematics/__init__.py to __init__.cpython-312.pyc
[5.896s] byte-compiling /home/nour/ros2-mujoco-robotics-project/ms3/ros2_ws/install/robot_arm_kinematics/lib/python3.12/site-packages/robot_arm_kinematics/trajectory_planner_node.py to trajectory_planner_node.cpython-312.pyc
[5.898s] byte-compiling /home/nour/ros2-mujoco-robotics-project/ms3/ros2_ws/install/robot_arm_kinematics/lib/python3.12/site-packages/robot_arm_kinematics/trajectory_planner.py to trajectory_planner.cpython-312.pyc
[5.901s] byte-compiling /home/nour/ros2-mujoco-robotics-project/ms3/ros2_ws/install/robot_arm_kinematics/lib/python3.12/site-packages/robot_arm_kinematics/velocity_kinematics.py to velocity_kinematics.cpython-312.pyc
[5.906s] byte-compiling /home/nour/ros2-mujoco-robotics-project/ms3/ros2_ws/install/robot_arm_kinematics/lib/python3.12/site-packages/robot_arm_kinematics/acceleration_kinematics.py to acceleration_kinematics.cpython-312.pyc
[5.909s] running install_data
[5.909s] copying resource/robot_arm_kinematics -> /home/nour/ros2-mujoco-robotics-project/ms3/ros2_ws/install/robot_arm_kinematics/share/ament_index/resource_index/packages
[5.910s] copying package.xml -> /home/nour/ros2-mujoco-robotics-project/ms3/ros2_ws/install/robot_arm_kinematics/share/robot_arm_kinematics
[5.910s] copying launch/kinematics.launch.py -> /home/nour/ros2-mujoco-robotics-project/ms3/ros2_ws/install/robot_arm_kinematics/share/robot_arm_kinematics/launch
[5.910s] running install_egg_info
[5.980s] Copying ../../build/robot_arm_kinematics/robot_arm_kinematics.egg-info to /home/nour/ros2-mujoco-robotics-project/ms3/ros2_ws/install/robot_arm_kinematics/lib/python3.12/site-packages/robot_arm_kinematics-0.0.1-py3.12.egg-info
[5.982s] running install_scripts
[6.419s] Installing forward_kinematics_node script to /home/nour/ros2-mujoco-robotics-project/ms3/ros2_ws/install/robot_arm_kinematics/lib/robot_arm_kinematics
[6.419s] Installing inverse_kinematics_node script to /home/nour/ros2-mujoco-robotics-project/ms3/ros2_ws/install/robot_arm_kinematics/lib/robot_arm_kinematics
[6.420s] Installing trajectory_planner_node script to /home/nour/ros2-mujoco-robotics-project/ms3/ros2_ws/install/robot_arm_kinematics/lib/robot_arm_kinematics
[6.421s] writing list of installed files to '/home/nour/ros2-mujoco-robotics-project/ms3/ros2_ws/build/robot_arm_kinematics/install.log'
[6.507s] Invoked command in '/home/nour/ros2-mujoco-robotics-project/ms3/ros2_ws/src/robot_arm_kinematics' returned '0': CONDA_PROMPT_MODIFIER=(base) PYTHONPATH=/home/nour/ros2-mujoco-robotics-project/ms3/ros2_ws/build/robot_arm_kinematics/prefix_override:/usr/lib/python3/dist-packages/colcon_core/task/python/colcon_distutils_commands:/home/nour/ros2-mujoco-robotics-project/ms3/ros2_ws/install/robot_arm_kinematics/lib/python3.12/site-packages:${PYTHONPATH} /usr/bin/python3 -W ignore:setup.py install is deprecated -W ignore:easy_install command is deprecated setup.py egg_info --egg-base ../../build/robot_arm_kinematics build --build-base /home/nour/ros2-mujoco-robotics-project/ms3/ros2_ws/build/robot_arm_kinematics/build install --record /home/nour/ros2-mujoco-robotics-project/ms3/ros2_ws/build/robot_arm_kinematics/install.log --single-version-externally-managed install_data --force
