/home/nour/ros2-mujoco-robotics-project/ms3/ros2_ws/install/robot_arm_kinematics/lib/python3.12/site-packages/robot_arm_kinematics/forward_kinematics.py
/home/nour/ros2-mujoco-robotics-project/ms3/ros2_ws/install/robot_arm_kinematics/lib/python3.12/site-packages/robot_arm_kinematics/advanced_trajectory.py
/home/nour/ros2-mujoco-robotics-project/ms3/ros2_ws/install/robot_arm_kinematics/lib/python3.12/site-packages/robot_arm_kinematics/inverse_kinematics.py
/home/nour/ros2-mujoco-robotics-project/ms3/ros2_ws/install/robot_arm_kinematics/lib/python3.12/site-packages/robot_arm_kinematics/forward_kinematics_node.py
/home/nour/ros2-mujoco-robotics-project/ms3/ros2_ws/install/robot_arm_kinematics/lib/python3.12/site-packages/robot_arm_kinematics/inverse_kinematics_node.py
/home/nour/ros2-mujoco-robotics-project/ms3/ros2_ws/install/robot_arm_kinematics/lib/python3.12/site-packages/robot_arm_kinematics/controllers.py
/home/nour/ros2-mujoco-robotics-project/ms3/ros2_ws/install/robot_arm_kinematics/lib/python3.12/site-packages/robot_arm_kinematics/__init__.py
/home/nour/ros2-mujoco-robotics-project/ms3/ros2_ws/install/robot_arm_kinematics/lib/python3.12/site-packages/robot_arm_kinematics/trajectory_planner_node.py
/home/nour/ros2-mujoco-robotics-project/ms3/ros2_ws/install/robot_arm_kinematics/lib/python3.12/site-packages/robot_arm_kinematics/trajectory_planner.py
/home/nour/ros2-mujoco-robotics-project/ms3/ros2_ws/install/robot_arm_kinematics/lib/python3.12/site-packages/robot_arm_kinematics/velocity_kinematics.py
/home/nour/ros2-mujoco-robotics-project/ms3/ros2_ws/install/robot_arm_kinematics/lib/python3.12/site-packages/robot_arm_kinematics/acceleration_kinematics.py
/home/nour/ros2-mujoco-robotics-project/ms3/ros2_ws/install/robot_arm_kinematics/lib/python3.12/site-packages/robot_arm_kinematics/__pycache__/forward_kinematics.cpython-312.pyc
/home/nour/ros2-mujoco-robotics-project/ms3/ros2_ws/install/robot_arm_kinematics/lib/python3.12/site-packages/robot_arm_kinematics/__pycache__/advanced_trajectory.cpython-312.pyc
/home/nour/ros2-mujoco-robotics-project/ms3/ros2_ws/install/robot_arm_kinematics/lib/python3.12/site-packages/robot_arm_kinematics/__pycache__/inverse_kinematics.cpython-312.pyc
/home/nour/ros2-mujoco-robotics-project/ms3/ros2_ws/install/robot_arm_kinematics/lib/python3.12/site-packages/robot_arm_kinematics/__pycache__/forward_kinematics_node.cpython-312.pyc
/home/nour/ros2-mujoco-robotics-project/ms3/ros2_ws/install/robot_arm_kinematics/lib/python3.12/site-packages/robot_arm_kinematics/__pycache__/inverse_kinematics_node.cpython-312.pyc
/home/nour/ros2-mujoco-robotics-project/ms3/ros2_ws/install/robot_arm_kinematics/lib/python3.12/site-packages/robot_arm_kinematics/__pycache__/controllers.cpython-312.pyc
/home/nour/ros2-mujoco-robotics-project/ms3/ros2_ws/install/robot_arm_kinematics/lib/python3.12/site-packages/robot_arm_kinematics/__pycache__/__init__.cpython-312.pyc
/home/nour/ros2-mujoco-robotics-project/ms3/ros2_ws/install/robot_arm_kinematics/lib/python3.12/site-packages/robot_arm_kinematics/__pycache__/trajectory_planner_node.cpython-312.pyc
/home/nour/ros2-mujoco-robotics-project/ms3/ros2_ws/install/robot_arm_kinematics/lib/python3.12/site-packages/robot_arm_kinematics/__pycache__/trajectory_planner.cpython-312.pyc
/home/nour/ros2-mujoco-robotics-project/ms3/ros2_ws/install/robot_arm_kinematics/lib/python3.12/site-packages/robot_arm_kinematics/__pycache__/velocity_kinematics.cpython-312.pyc
/home/nour/ros2-mujoco-robotics-project/ms3/ros2_ws/install/robot_arm_kinematics/lib/python3.12/site-packages/robot_arm_kinematics/__pycache__/acceleration_kinematics.cpython-312.pyc
/home/nour/ros2-mujoco-robotics-project/ms3/ros2_ws/install/robot_arm_kinematics/share/ament_index/resource_index/packages/robot_arm_kinematics
/home/nour/ros2-mujoco-robotics-project/ms3/ros2_ws/install/robot_arm_kinematics/share/robot_arm_kinematics/package.xml
/home/nour/ros2-mujoco-robotics-project/ms3/ros2_ws/install/robot_arm_kinematics/share/robot_arm_kinematics/launch/kinematics.launch.py
/home/nour/ros2-mujoco-robotics-project/ms3/ros2_ws/install/robot_arm_kinematics/share/robot_arm_kinematics/config
/home/nour/ros2-mujoco-robotics-project/ms3/ros2_ws/install/robot_arm_kinematics/lib/python3.12/site-packages/robot_arm_kinematics-0.0.1-py3.12.egg-info/SOURCES.txt
/home/nour/ros2-mujoco-robotics-project/ms3/ros2_ws/install/robot_arm_kinematics/lib/python3.12/site-packages/robot_arm_kinematics-0.0.1-py3.12.egg-info/dependency_links.txt
/home/nour/ros2-mujoco-robotics-project/ms3/ros2_ws/install/robot_arm_kinematics/lib/python3.12/site-packages/robot_arm_kinematics-0.0.1-py3.12.egg-info/PKG-INFO
/home/nour/ros2-mujoco-robotics-project/ms3/ros2_ws/install/robot_arm_kinematics/lib/python3.12/site-packages/robot_arm_kinematics-0.0.1-py3.12.egg-info/top_level.txt
/home/nour/ros2-mujoco-robotics-project/ms3/ros2_ws/install/robot_arm_kinematics/lib/python3.12/site-packages/robot_arm_kinematics-0.0.1-py3.12.egg-info/requires.txt
/home/nour/ros2-mujoco-robotics-project/ms3/ros2_ws/install/robot_arm_kinematics/lib/python3.12/site-packages/robot_arm_kinematics-0.0.1-py3.12.egg-info/entry_points.txt
/home/nour/ros2-mujoco-robotics-project/ms3/ros2_ws/install/robot_arm_kinematics/lib/python3.12/site-packages/robot_arm_kinematics-0.0.1-py3.12.egg-info/zip-safe
/home/nour/ros2-mujoco-robotics-project/ms3/ros2_ws/install/robot_arm_kinematics/lib/robot_arm_kinematics/forward_kinematics_node
/home/nour/ros2-mujoco-robotics-project/ms3/ros2_ws/install/robot_arm_kinematics/lib/robot_arm_kinematics/inverse_kinematics_node
/home/nour/ros2-mujoco-robotics-project/ms3/ros2_ws/install/robot_arm_kinematics/lib/robot_arm_kinematics/trajectory_planner_node
